<?xml version="1.0" encoding="utf-8"?><testsuites name="pytest tests"><testsuite name="pytest" errors="0" failures="0" skipped="96" tests="373" time="11.579" timestamp="2026-08-30T18:37:21.702043-04:00" hostname="Mac"><testcase classname="tests.test_anti_cheat_edge_cases.TestTimingEdgeCases" name="test_unsynced_streams_multiple_streams" time="0.000"><skipped type="pytest.skip" message="real CUDA protection integration requires a device">/Users/admin/dev/ai-perf/ai-performance-engineering/code/tests/test_anti_cheat_edge_cases.py:44: real CUDA protection integration requires a device</skipped></testcase><testcase classname="tests.test_anti_cheat_edge_cases.TestTimingEdgeCases" name="test_unsynced_streams_nested_streams" time="0.000"><skipped type="pytest.skip" message="real CUDA protection integration requires a device">/Users/admin/dev/ai-perf/ai-performance-engineering/code/tests/test_anti_cheat_edge_cases.py:48: real CUDA protection integration requires a device</skipped></testcase><testcase classname="tests.test_anti_cheat_edge_cases.TestTimingEdgeCases" name="test_unsynced_streams_priority_streams" time="0.000"><skipped type="pytest.skip" message="real CUDA protection integration requires a device">/Users/admin/dev/ai-perf/ai-performance-engineering/code/tests/test_anti_cheat_edge_cases.py:52: real CUDA protection integration requires a device</skipped></testcase><testcase classname="tests.test_anti_cheat_edge_cases.TestTimingEdgeCases" name="test_async_ops_chained_operations" time="0.000"><skipped type="pytest.skip" message="real CUDA protection integration requires a device">/Users/admin/dev/ai-perf/ai-performance-engineering/code/tests/test_anti_cheat_edge_cases.py:56: real CUDA protection integration requires a device</skipped></testcase><testcase classname="tests.test_anti_cheat_edge_cases.TestTimingEdgeCases" name="test_async_ops_mixed_cpu_gpu" time="0.000"><skipped type="pytest.skip" message="real CUDA protection integration requires a device">/Users/admin/dev/ai-perf/ai-performance-engineering/code/tests/test_anti_cheat_edge_cases.py:60: real CUDA protection integration requires a device</skipped></testcase><testcase classname="tests.test_anti_cheat_edge_cases.TestTimingEdgeCases" name="test_event_timing_zero_duration" time="0.001" /><testcase classname="tests.test_anti_cheat_edge_cases.TestTimingEdgeCases" name="test_event_timing_very_long_duration" time="0.000" /><testcase classname="tests.test_anti_cheat_edge_cases.TestTimingEdgeCases" name="test_timer_granularity_sub_microsecond" time="0.000"><skipped type="pytest.skip" message="real CUDA protection integration requires a device">/Users/admin/dev/ai-perf/ai-performance-engineering/code/tests/test_anti_cheat_edge_cases.py:84: real CUDA protection integration requires a device</skipped></testcase><testcase classname="tests.test_anti_cheat_edge_cases.TestTimingEdgeCases" name="test_warmup_bleed_jit_compilation" time="0.013" /><testcase classname="tests.test_anti_cheat_edge_cases.TestTimingEdgeCases" name="test_warmup_bleed_cudnn_autotuning" time="0.000" /><testcase classname="tests.test_anti_cheat_edge_cases.TestTimingEdgeCases" name="test_clock_drift_long_benchmark" time="0.000" /><testcase classname="tests.test_anti_cheat_edge_cases.TestTimingEdgeCases" name="test_profiler_overhead_nested_profilers" time="0.000"><skipped type="pytest.skip" message="Missing production protection: no nested-profiler rejection guard is implemented; a single profiler context did not test nesting">/Users/admin/dev/ai-perf/ai-performance-engineering/code/tests/test_anti_cheat_edge_cases.py:137: Missing production protection: no nested-profiler rejection guard is implemented; a single profiler context did not test nesting</skipped></testcase><testcase classname="tests.test_anti_cheat_edge_cases.TestOutputEdgeCases" name="test_constant_output_single_value" time="0.024" /><testcase classname="tests.test_anti_cheat_edge_cases.TestOutputEdgeCases" name="test_constant_output_near_constant" time="0.018" /><testcase classname="tests.test_anti_cheat_edge_cases.TestOutputEdgeCases" name="test_stale_cache_after_input_change" time="0.018" /><testcase classname="tests.test_anti_cheat_edge_cases.TestOutputEdgeCases" name="test_approximation_drift_accumulated_error" time="0.019" /><testcase classname="tests.test_anti_cheat_edge_cases.TestOutputEdgeCases" name="test_approximation_drift_fp16_accumulation" time="0.019" /><testcase classname="tests.test_anti_cheat_edge_cases.TestOutputEdgeCases" name="test_nan_from_division_by_zero" time="0.018" /><testcase classname="tests.test_anti_cheat_edge_cases.TestOutputEdgeCases" name="test_nan_from_sqrt_negative" time="0.019" /><testcase classname="tests.test_anti_cheat_edge_cases.TestOutputEdgeCases" name="test_nan_propagation" time="0.019" /><testcase classname="tests.test_anti_cheat_edge_cases.TestOutputEdgeCases" name="test_inf_from_overflow" time="0.018" /><testcase classname="tests.test_anti_cheat_edge_cases.TestOutputEdgeCases" name="test_inf_from_division" time="0.020" /><testcase classname="tests.test_anti_cheat_edge_cases.TestOutputEdgeCases" name="test_ground_truth_contains_nan" time="0.018" /><testcase classname="tests.test_anti_cheat_edge_cases.TestOutputEdgeCases" name="test_shape_mismatch_broadcast_ambiguity" time="0.019" /><testcase classname="tests.test_anti_cheat_edge_cases.TestOutputEdgeCases" name="test_shape_mismatch_transposed" time="0.019" /><testcase classname="tests.test_anti_cheat_edge_cases.TestOutputEdgeCases" name="test_dtype_mismatch_float_precisions" time="0.018" /><testcase classname="tests.test_anti_cheat_edge_cases.TestOutputEdgeCases" name="test_dtype_mismatch_int_vs_float" time="0.019" /><testcase classname="tests.test_anti_cheat_edge_cases.TestOutputEdgeCases" name="test_denormalized_values_detection" time="0.020" /><testcase classname="tests.test_anti_cheat_edge_cases.TestOutputEdgeCases" name="test_uninitialized_memory_torch_empty" time="0.000"><skipped type="pytest.skip" message="Missing production protection: no uninitialized-memory provenance detector; filling torch.empty before comparison erases the condition">/Users/admin/dev/ai-perf/ai-performance-engineering/code/tests/test_anti_cheat_edge_cases.py:230: Missing production protection: no uninitialized-memory provenance detector; filling torch.empty before comparison erases the condition</skipped></testcase><testcase classname="tests.test_anti_cheat_edge_cases.TestWorkloadEdgeCases" name="test_batch_shrinking_by_one" time="0.000" /><testcase classname="tests.test_anti_cheat_edge_cases.TestWorkloadEdgeCases" name="test_batch_shrinking_zero_batch" time="0.000" /><testcase classname="tests.test_anti_cheat_edge_cases.TestWorkloadEdgeCases" name="test_sequence_truncation_by_one" time="0.000" /><testcase classname="tests.test_anti_cheat_edge_cases.TestWorkloadEdgeCases" name="test_hidden_downsampling_power_of_two" time="0.000" /><testcase classname="tests.test_anti_cheat_edge_cases.TestWorkloadEdgeCases" name="test_precision_mismatch_tf32" time="0.000" /><testcase classname="tests.test_anti_cheat_edge_cases.TestWorkloadEdgeCases" name="test_precision_mismatch_fp8_variants" time="0.000" /><testcase classname="tests.test_anti_cheat_edge_cases.TestWorkloadEdgeCases" name="test_undeclared_shortcuts_skip_layers" time="0.019" /><testcase classname="tests.test_anti_cheat_edge_cases.TestWorkloadEdgeCases" name="test_early_exit_threshold_boundary" time="0.019" /><testcase classname="tests.test_anti_cheat_edge_cases.TestWorkloadEdgeCases" name="test_sparsity_mismatch_one_percent_difference" time="0.000" /><testcase classname="tests.test_anti_cheat_edge_cases.TestWorkloadEdgeCases" name="test_sparsity_mismatch_near_zero" time="0.000" /><testcase classname="tests.test_anti_cheat_edge_cases.TestWorkloadEdgeCases" name="test_attention_mask_causal_vs_full" time="0.020" /><testcase classname="tests.test_anti_cheat_edge_cases.TestWorkloadEdgeCases" name="test_kv_cache_size_off_by_one" time="0.000" /><testcase classname="tests.test_anti_cheat_edge_cases.TestWorkloadEdgeCases" name="test_train_test_overlap_single_sample" time="0.000"><skipped type="pytest.skip" message="Missing production protection: no dataset provenance, feature-label leakage or holdout-overlap detector is implemented">/Users/admin/dev/ai-perf/ai-performance-engineering/code/tests/test_anti_cheat_edge_cases.py:292: Missing production protection: no dataset provenance, feature-label leakage or holdout-overlap detector is implemented</skipped></testcase><testcase classname="tests.test_anti_cheat_edge_cases.TestLocationEdgeCases" name="test_cpu_spillover_single_op_on_cpu" time="0.000"><skipped type="pytest.skip" message="Missing production protection: no per-operation CPU spillover detector is implemented; wall-time measurement alone does not identify execution placement">/Users/admin/dev/ai-perf/ai-performance-engineering/code/tests/test_anti_cheat_edge_cases.py:299: Missing production protection: no per-operation CPU spillover detector is implemented; wall-time measurement alone does not identify execution placement</skipped></testcase><testcase classname="tests.test_anti_cheat_edge_cases.TestLocationEdgeCases" name="test_cpu_spillover_data_dependent_branch" time="0.000"><skipped type="pytest.skip" message="Missing production protection: no per-operation CPU spillover detector is implemented; wall-time measurement alone does not identify execution placement">/Users/admin/dev/ai-perf/ai-performance-engineering/code/tests/test_anti_cheat_edge_cases.py:303: Missing production protection: no per-operation CPU spillover detector is implemented; wall-time measurement alone does not identify execution placement</skipped></testcase><testcase classname="tests.test_anti_cheat_edge_cases.TestLocationEdgeCases" name="test_setup_precomputation_cached_result" time="0.019" /><testcase classname="tests.test_anti_cheat_edge_cases.TestLocationEdgeCases" name="test_graph_capture_computation_in_capture" time="0.000" /><testcase classname="tests.test_anti_cheat_edge_cases.TestLocationEdgeCases" name="test_warmup_computation_result_reused" time="0.019" /><testcase classname="tests.test_anti_cheat_edge_cases.TestLocationEdgeCases" name="test_background_thread_computation" time="0.000"><skipped type="pytest.skip" message="Missing production protection: no background-thread computation isolation guard; process isolation does not forbid threads inside a benchmark">/Users/admin/dev/ai-perf/ai-performance-engineering/code/tests/test_anti_cheat_edge_cases.py:327: Missing production protection: no background-thread computation isolation guard; process isolation does not forbid threads inside a benchmark</skipped></testcase><testcase classname="tests.test_anti_cheat_edge_cases.TestLocationEdgeCases" name="test_lazy_evaluation_never_materialized" time="0.001" /><testcase classname="tests.test_anti_cheat_edge_cases.TestLocationEdgeCases" name="test_jit_compilation_first_call_slow" time="0.004" /><testcase classname="tests.test_anti_cheat_edge_cases.TestMemoryEdgeCases" name="test_preallocated_output_exact_shape" time="0.020" /><testcase classname="tests.test_anti_cheat_edge_cases.TestMemoryEdgeCases" name="test_preallocated_output_view" time="0.018" /><testcase classname="tests.test_anti_cheat_edge_cases.TestMemoryEdgeCases" name="test_input_output_aliasing_inplace" time="0.000" /><testcase classname="tests.test_anti_cheat_edge_cases.TestMemoryEdgeCases" name="test_input_output_aliasing_view" time="0.000" /><testcase classname="tests.test_anti_cheat_edge_cases.TestMemoryEdgeCases" name="test_pinned_memory_transfer_timing" time="0.000"><skipped type="pytest.skip" message="real CUDA protection integration requires a device">/Users/admin/dev/ai-perf/ai-performance-engineering/code/tests/test_anti_cheat_edge_cases.py:400: real CUDA protection integration requires a device</skipped></testcase><testcase classname="tests.test_anti_cheat_edge_cases.TestMemoryEdgeCases" name="test_memory_pool_cached_allocation" time="0.000"><skipped type="pytest.skip" message="real CUDA protection integration requires a device">/Users/admin/dev/ai-perf/ai-performance-engineering/code/tests/test_anti_cheat_edge_cases.py:404: real CUDA protection integration requires a device</skipped></testcase><testcase classname="tests.test_anti_cheat_edge_cases.TestMemoryEdgeCases" name="test_fragmentation_many_small_allocs" time="0.000" /><testcase classname="tests.test_anti_cheat_edge_cases.TestMemoryEdgeCases" name="test_page_fault_first_access" time="0.000"><skipped type="pytest.skip" message="Missing production protection: no page-fault or managed-memory event detector is implemented">/Users/admin/dev/ai-perf/ai-performance-engineering/code/tests/test_anti_cheat_edge_cases.py:421: Missing production protection: no page-fault or managed-memory event detector is implemented</skipped></testcase><testcase classname="tests.test_anti_cheat_edge_cases.TestMemoryEdgeCases" name="test_swap_interference_large_allocation" time="0.003" /><testcase classname="tests.test_anti_cheat_edge_cases.TestCudaEdgeCases" name="test_host_callback_with_stream" time="0.000"><skipped type="pytest.skip" message="Missing production protection: no host callback execution detector is implemented">/Users/admin/dev/ai-perf/ai-performance-engineering/code/tests/test_anti_cheat_edge_cases.py:431: Missing production protection: no host callback execution detector is implemented</skipped></testcase><testcase classname="tests.test_anti_cheat_edge_cases.TestCudaEdgeCases" name="test_async_memcpy_stream_ordering" time="0.000"><skipped type="pytest.skip" message="real CUDA protection integration requires a device">/Users/admin/dev/ai-perf/ai-performance-engineering/code/tests/test_anti_cheat_edge_cases.py:433: real CUDA protection integration requires a device</skipped></testcase><testcase classname="tests.test_anti_cheat_edge_cases.TestCudaEdgeCases" name="test_workspace_precomputed_cublas" time="0.000"><skipped type="pytest.skip" message="Missing production protection: no cuBLAS workspace precomputation detector is implemented">/Users/admin/dev/ai-perf/ai-performance-engineering/code/tests/test_anti_cheat_edge_cases.py:439: Missing production protection: no cuBLAS workspace precomputation detector is implemented</skipped></testcase><testcase classname="tests.test_anti_cheat_edge_cases.TestCudaEdgeCases" name="test_persistent_kernel_occupancy" time="0.000"><skipped type="pytest.skip" message="Missing production protection: no persistent kernel lifetime detector is implemented">/Users/admin/dev/ai-perf/ai-performance-engineering/code/tests/test_anti_cheat_edge_cases.py:443: Missing production protection: no persistent kernel lifetime detector is implemented</skipped></testcase><testcase classname="tests.test_anti_cheat_edge_cases.TestCudaEdgeCases" name="test_undeclared_multi_gpu_single_declared" time="0.000"><skipped type="pytest.skip" message="Missing production protection: no undeclared GPU execution detector is implemented">/Users/admin/dev/ai-perf/ai-performance-engineering/code/tests/test_anti_cheat_edge_cases.py:447: Missing production protection: no undeclared GPU execution detector is implemented</skipped></testcase><testcase classname="tests.test_anti_cheat_edge_cases.TestCudaEdgeCases" name="test_context_switch_device_change" time="0.000"><skipped type="pytest.skip" message="Missing production protection: no CUDA context switch enforcement detector is implemented">/Users/admin/dev/ai-perf/ai-performance-engineering/code/tests/test_anti_cheat_edge_cases.py:451: Missing production protection: no CUDA context switch enforcement detector is implemented</skipped></testcase><testcase classname="tests.test_anti_cheat_edge_cases.TestCudaEdgeCases" name="test_driver_overhead_many_small_kernels" time="0.000"><skipped type="pytest.skip" message="Missing production protection: no driver-overhead attribution detector is implemented">/Users/admin/dev/ai-perf/ai-performance-engineering/code/tests/test_anti_cheat_edge_cases.py:455: Missing production protection: no driver-overhead attribution detector is implemented</skipped></testcase><testcase classname="tests.test_anti_cheat_edge_cases.TestCudaEdgeCases" name="test_cooperative_launch_grid_sync" time="0.001"><skipped type="pytest.skip" message="Missing production protection: no cooperative launch inspection detector is implemented">/Users/admin/dev/ai-perf/ai-performance-engineering/code/tests/test_anti_cheat_edge_cases.py:459: Missing production protection: no cooperative launch inspection detector is implemented</skipped></testcase><testcase classname="tests.test_anti_cheat_edge_cases.TestCudaEdgeCases" name="test_dynamic_parallelism_nested_launch" time="0.000"><skipped type="pytest.skip" message="Missing production protection: no device-side dynamic launch inspection detector is implemented">/Users/admin/dev/ai-perf/ai-performance-engineering/code/tests/test_anti_cheat_edge_cases.py:463: Missing production protection: no device-side dynamic launch inspection detector is implemented</skipped></testcase><testcase classname="tests.test_anti_cheat_edge_cases.TestCudaEdgeCases" name="test_unified_memory_managed_allocation" time="0.000"><skipped type="pytest.skip" message="Missing production protection: no page-fault or managed-memory event detector is implemented">/Users/admin/dev/ai-perf/ai-performance-engineering/code/tests/test_anti_cheat_edge_cases.py:467: Missing production protection: no page-fault or managed-memory event detector is implemented</skipped></testcase><testcase classname="tests.test_anti_cheat_edge_cases.TestCompileEdgeCases" name="test_cache_hit_shape_variation" time="0.039" /><testcase classname="tests.test_anti_cheat_edge_cases.TestCompileEdgeCases" name="test_trace_reuse_dynamic_shapes" time="0.042" /><testcase classname="tests.test_anti_cheat_edge_cases.TestCompileEdgeCases" name="test_mode_inconsistency_train_vs_eval" time="0.021" /><testcase classname="tests.test_anti_cheat_edge_cases.TestCompileEdgeCases" name="test_inductor_asymmetry_different_backends" time="0.000"><skipped type="pytest.skip" message="Missing production protection: no compiler-backend parity policy detector is implemented; eager versus compiled equivalence alone cannot enforce fair compiler modes">/Users/admin/dev/ai-perf/ai-performance-engineering/code/tests/test_anti_cheat_edge_cases.py:491: Missing production protection: no compiler-backend parity policy detector is implemented; eager versus compiled equivalence alone cannot enforce fair compiler modes</skipped></testcase><testcase classname="tests.test_anti_cheat_edge_cases.TestCompileEdgeCases" name="test_guard_failure_control_flow" time="0.017" /><testcase classname="tests.test_anti_cheat_edge_cases.TestCompileEdgeCases" name="test_autotuning_variance_repeated_runs" time="0.000"><skipped type="pytest.skip" message="Missing production protection: no autotuning variance or compiler-mode parity detector is implemented">/Users/admin/dev/ai-perf/ai-performance-engineering/code/tests/test_anti_cheat_edge_cases.py:498: Missing production protection: no autotuning variance or compiler-mode parity detector is implemented</skipped></testcase><testcase classname="tests.test_anti_cheat_edge_cases.TestCompileEdgeCases" name="test_symbolic_shape_specialization" time="0.000" /><testcase classname="tests.test_anti_cheat_edge_cases.TestDistributedEdgeCases" name="test_rank_skipping_single_rank" time="0.000" /><testcase classname="tests.test_anti_cheat_edge_cases.TestDistributedEdgeCases" name="test_collective_shortcircuit_single_element" time="0.021" /><testcase classname="tests.test_anti_cheat_edge_cases.TestDistributedEdgeCases" name="test_topology_mismatch_ring_vs_tree" time="0.000"><skipped type="pytest.skip" message="Missing production protection: DistributedTopology does not encode ring versus tree algorithm, so it cannot enforce this claimed policy">/Users/admin/dev/ai-perf/ai-performance-engineering/code/tests/test_anti_cheat_edge_cases.py:525: Missing production protection: DistributedTopology does not encode ring versus tree algorithm, so it cannot enforce this claimed policy</skipped></testcase><testcase classname="tests.test_anti_cheat_edge_cases.TestDistributedEdgeCases" name="test_barrier_timing_straggler" time="0.000"><skipped type="pytest.skip" message="Missing production protection: no rank barrier timing detector is implemented">/Users/admin/dev/ai-perf/ai-performance-engineering/code/tests/test_anti_cheat_edge_cases.py:529: Missing production protection: no rank barrier timing detector is implemented</skipped></testcase><testcase classname="tests.test_anti_cheat_edge_cases.TestDistributedEdgeCases" name="test_gradient_bucketing_different_sizes" time="0.000"><skipped type="pytest.skip" message="Missing production protection: no gradient bucket-size parity field or detector is implemented">/Users/admin/dev/ai-perf/ai-performance-engineering/code/tests/test_anti_cheat_edge_cases.py:533: Missing production protection: no gradient bucket-size parity field or detector is implemented</skipped></testcase><testcase classname="tests.test_anti_cheat_edge_cases.TestDistributedEdgeCases" name="test_async_gradient_overlap" time="0.000"><skipped type="pytest.skip" message="Missing production protection: no async gradient completion timing detector is implemented">/Users/admin/dev/ai-perf/ai-performance-engineering/code/tests/test_anti_cheat_edge_cases.py:537: Missing production protection: no async gradient completion timing detector is implemented</skipped></testcase><testcase classname="tests.test_anti_cheat_edge_cases.TestDistributedEdgeCases" name="test_pipeline_bubble_microbatch_count" time="0.000" /><testcase classname="tests.test_anti_cheat_edge_cases.TestDistributedEdgeCases" name="test_shard_size_imbalanced" time="0.000" /><testcase classname="tests.test_anti_cheat_edge_cases.TestEnvironmentEdgeCases" name="test_device_mismatch_compute_capability" time="0.000"><skipped type="pytest.skip" message="Missing production protection: no expected-versus-observed compute-capability comparison is performed by validate_environment">/Users/admin/dev/ai-perf/ai-performance-engineering/code/tests/test_anti_cheat_edge_cases.py:552: Missing production protection: no expected-versus-observed compute-capability comparison is performed by validate_environment</skipped></testcase><testcase classname="tests.test_anti_cheat_edge_cases.TestEnvironmentEdgeCases" name="test_frequency_boost_detection" time="0.000"><skipped type="pytest.skip" message="Missing production protection: GPU state consistency detects clock drops, not clock boosts or absolute clock locking">/Users/admin/dev/ai-perf/ai-performance-engineering/code/tests/test_anti_cheat_edge_cases.py:556: Missing production protection: GPU state consistency detects clock drops, not clock boosts or absolute clock locking</skipped></testcase><testcase classname="tests.test_anti_cheat_edge_cases.TestEnvironmentEdgeCases" name="test_priority_elevation_process_nice" time="0.000"><skipped type="pytest.skip" message="Missing production protection: no process-priority parity detector is implemented">/Users/admin/dev/ai-perf/ai-performance-engineering/code/tests/test_anti_cheat_edge_cases.py:560: Missing production protection: no process-priority parity detector is implemented</skipped></testcase><testcase classname="tests.test_anti_cheat_edge_cases.TestEnvironmentEdgeCases" name="test_memory_overcommit_reservation" time="0.000" /><testcase classname="tests.test_anti_cheat_edge_cases.TestEnvironmentEdgeCases" name="test_numa_gpu_affinity" time="0.003" /><testcase classname="tests.test_anti_cheat_edge_cases.TestEnvironmentEdgeCases" name="test_cpu_governor_consistency" time="0.003" /><testcase classname="tests.test_anti_cheat_edge_cases.TestEnvironmentEdgeCases" name="test_thermal_throttling_temperature_check" time="0.000" /><testcase classname="tests.test_anti_cheat_edge_cases.TestEnvironmentEdgeCases" name="test_power_limit_variation" time="0.000"><skipped type="pytest.skip" message="Missing production protection: GPUState has no power-limit field and check_gpu_state_consistency does not compare power limits">/Users/admin/dev/ai-perf/ai-performance-engineering/code/tests/test_anti_cheat_edge_cases.py:577: Missing production protection: GPUState has no power-limit field and check_gpu_state_consistency does not compare power limits</skipped></testcase><testcase classname="tests.test_anti_cheat_edge_cases.TestEnvironmentEdgeCases" name="test_driver_version_recorded" time="0.000"><skipped type="pytest.skip" message="real CUDA/NVML driver provenance integration requires a device">/Users/admin/dev/ai-perf/ai-performance-engineering/code/tests/test_anti_cheat_edge_cases.py:582: real CUDA/NVML driver provenance integration requires a device</skipped></testcase><testcase classname="tests.test_anti_cheat_edge_cases.TestEnvironmentEdgeCases" name="test_library_version_cudnn" time="0.000"><skipped type="pytest.skip" message="Missing production protection: RunManifest does not record cuDNN version or compare baseline/optimized library versions">/Users/admin/dev/ai-perf/ai-performance-engineering/code/tests/test_anti_cheat_edge_cases.py:598: Missing production protection: RunManifest does not record cuDNN version or compare baseline/optimized library versions</skipped></testcase><testcase classname="tests.test_anti_cheat_edge_cases.TestEnvironmentEdgeCases" name="test_container_cgroup_limits" time="0.003" /><testcase classname="tests.test_anti_cheat_edge_cases.TestEnvironmentEdgeCases" name="test_virtualization_detection" time="0.002" /><testcase classname="tests.test_anti_cheat_edge_cases.TestStatisticalEdgeCases" name="test_outlier_injection_single_extreme" time="0.001" /><testcase classname="tests.test_anti_cheat_edge_cases.TestStatisticalEdgeCases" name="test_outlier_injection_median_robust" time="0.000" /><testcase classname="tests.test_anti_cheat_edge_cases.TestStatisticalEdgeCases" name="test_variance_gaming_consistent_slow" time="0.000" /><testcase classname="tests.test_anti_cheat_edge_cases.TestStatisticalEdgeCases" name="test_percentile_selection_p50_vs_p99" time="0.000" /><testcase classname="tests.test_anti_cheat_edge_cases.TestStatisticalEdgeCases" name="test_insufficient_samples_high_variance" time="0.000"><skipped type="pytest.skip" message="Missing production protection: no statistical-power or minimum-samples-based-on-variance detector is implemented">/Users/admin/dev/ai-perf/ai-performance-engineering/code/tests/test_anti_cheat_edge_cases.py:655: Missing production protection: no statistical-power or minimum-samples-based-on-variance detector is implemented</skipped></testcase><testcase classname="tests.test_anti_cheat_edge_cases.TestStatisticalEdgeCases" name="test_cold_start_first_iteration_slow" time="0.000" /><testcase classname="tests.test_anti_cheat_edge_cases.TestStatisticalEdgeCases" name="test_gc_interference_collection_pause" time="0.000" /><testcase classname="tests.test_anti_cheat_edge_cases.TestStatisticalEdgeCases" name="test_background_noise_cpu_bound" time="0.000"><skipped type="pytest.skip" message="Missing production protection: no background CPU noise or process-priority detector is implemented">/Users/admin/dev/ai-perf/ai-performance-engineering/code/tests/test_anti_cheat_edge_cases.py:679: Missing production protection: no background CPU noise or process-priority detector is implemented</skipped></testcase><testcase classname="tests.test_anti_cheat_edge_cases.TestStatisticalEdgeCases" name="test_cherry_picking_best_of_n" time="0.000" /><testcase classname="tests.test_anti_cheat_edge_cases.TestEvaluationEdgeCases" name="test_eval_code_exploitation_hardcoded" time="0.019" /><testcase classname="tests.test_anti_cheat_edge_cases.TestEvaluationEdgeCases" name="test_timeout_manipulation_extend" time="0.005" /><testcase classname="tests.test_anti_cheat_edge_cases.TestEvaluationEdgeCases" name="test_metric_gaming_threshold_tuning" time="0.000"><skipped type="pytest.skip" message="Missing production protection: no evaluation-threshold policy or dataset evaluator contract is implemented">/Users/admin/dev/ai-perf/ai-performance-engineering/code/tests/test_anti_cheat_edge_cases.py:706: Missing production protection: no evaluation-threshold policy or dataset evaluator contract is implemented</skipped></testcase><testcase classname="tests.test_anti_cheat_edge_cases.TestEvaluationEdgeCases" name="test_data_leakage_feature_from_label" time="0.000"><skipped type="pytest.skip" message="Missing production protection: no dataset provenance, feature-label leakage or holdout-overlap detector is implemented">/Users/admin/dev/ai-perf/ai-performance-engineering/code/tests/test_anti_cheat_edge_cases.py:710: Missing production protection: no dataset provenance, feature-label leakage or holdout-overlap detector is implemented</skipped></testcase><testcase classname="tests.test_anti_cheat_edge_cases.TestEvaluationEdgeCases" name="test_overfitting_train_on_test" time="0.000"><skipped type="pytest.skip" message="Missing production protection: no dataset provenance, feature-label leakage or holdout-overlap detector is implemented">/Users/admin/dev/ai-perf/ai-performance-engineering/code/tests/test_anti_cheat_edge_cases.py:714: Missing production protection: no dataset provenance, feature-label leakage or holdout-overlap detector is implemented</skipped></testcase><testcase classname="tests.test_anti_cheat_edge_cases.TestEvaluationEdgeCases" name="test_self_modifying_immutable_test" time="0.000"><skipped type="pytest.skip" message="Missing production protection: no test-source immutability guard is implemented in the benchmark protection path">/Users/admin/dev/ai-perf/ai-performance-engineering/code/tests/test_anti_cheat_edge_cases.py:718: Missing production protection: no test-source immutability guard is implemented in the benchmark protection path</skipped></testcase><testcase classname="tests.test_anti_cheat_edge_cases.TestEvaluationEdgeCases" name="test_memorization_hash_detection" time="0.020" /><testcase classname="tests.test_anti_cheat_edge_cases.TestEvaluationEdgeCases" name="test_missing_holdout_temporal_split" time="0.000"><skipped type="pytest.skip" message="Missing production protection: no dataset provenance, feature-label leakage or holdout-overlap detector is implemented">/Users/admin/dev/ai-perf/ai-performance-engineering/code/tests/test_anti_cheat_edge_cases.py:728: Missing production protection: no dataset provenance, feature-label leakage or holdout-overlap detector is implemented</skipped></testcase><testcase classname="tests.test_anti_cheat_edge_cases.TestBoundaryConditions" name="test_tolerance_exactly_at_boundary" time="0.019" /><testcase classname="tests.test_anti_cheat_edge_cases.TestBoundaryConditions" name="test_workload_mismatch_at_one_percent" time="0.000" /><testcase classname="tests.test_anti_cheat_edge_cases.TestBoundaryConditions" name="test_sparsity_at_detection_threshold" time="0.000" /><testcase classname="tests.test_anti_cheat_edge_cases.TestBoundaryConditions" name="test_timing_variance_coefficient" time="0.000" /><testcase classname="tests.test_anti_cheat_edge_cases.TestExtremeValues" name="test_very_large_tensor" time="0.002" /><testcase classname="tests.test_anti_cheat_edge_cases.TestExtremeValues" name="test_very_small_values" time="0.018" /><testcase classname="tests.test_anti_cheat_edge_cases.TestExtremeValues" name="test_zero_dimensions" time="0.019" /><testcase classname="tests.test_anti_cheat_edge_cases.TestExtremeValues" name="test_single_element" time="0.021" /><testcase classname="tests.test_anti_cheat_edge_cases.TestExtremeValues" name="test_maximum_dimensions" time="0.020" /><testcase classname="tests.test_anti_cheat_edge_cases.TestRaceConditions" name="test_concurrent_stream_operations" time="0.000"><skipped type="pytest.skip" message="real CUDA protection integration requires a device">/Users/admin/dev/ai-perf/ai-performance-engineering/code/tests/test_anti_cheat_edge_cases.py:801: real CUDA protection integration requires a device</skipped></testcase><testcase classname="tests.test_anti_cheat_edge_cases.TestRaceConditions" name="test_concurrent_allocations" time="0.000"><skipped type="pytest.skip" message="Missing production protection: no concurrent-allocation race detector is implemented; successful allocations did not validate a protection">/Users/admin/dev/ai-perf/ai-performance-engineering/code/tests/test_anti_cheat_edge_cases.py:807: Missing production protection: no concurrent-allocation race detector is implemented; successful allocations did not validate a protection</skipped></testcase><testcase classname="tests.test_anti_cheat_edge_cases.TestAdjacentVerificationRegressions" name="test_jitter_snapshots_nested_reused_output[False]" time="0.019" /><testcase classname="tests.test_anti_cheat_edge_cases.TestAdjacentVerificationRegressions" name="test_jitter_snapshots_nested_reused_output[True]" time="0.020" /><testcase classname="tests.test_anti_cheat_edge_cases.TestAdjacentVerificationRegressions" name="test_jitter_restores_input_after_output_refresh_failure[capture]" time="0.020" /><testcase classname="tests.test_anti_cheat_edge_cases.TestAdjacentVerificationRegressions" name="test_jitter_restores_input_after_output_refresh_failure[output]" time="0.020" /><testcase classname="tests.test_anti_cheat_edge_cases.TestAdjacentVerificationRegressions" name="test_snapshot_does_not_hide_input_output_aliasing" time="0.024" /><testcase classname="tests.test_anti_cheat_edge_cases.TestAdjacentVerificationRegressions" name="test_jitter_rejects_uncomparable_output[none]" time="0.020" /><testcase classname="tests.test_anti_cheat_edge_cases.TestAdjacentVerificationRegressions" name="test_jitter_rejects_uncomparable_output[structure]" time="0.020" /><testcase classname="tests.test_anti_cheat_edge_cases.TestAdjacentVerificationRegressions" name="test_jitter_rejects_uncomparable_output[leaf_type]" time="0.020" /><testcase classname="tests.test_anti_cheat_edge_cases.TestAdjacentVerificationRegressions" name="test_jitter_rejects_uncomparable_output[shape]" time="0.021" /><testcase classname="tests.test_anti_cheat_edge_cases.TestAdjacentVerificationRegressions" name="test_jitter_rejects_uncomparable_output[dtype]" time="0.021" /><testcase classname="tests.test_anti_cheat_edge_cases.TestAdjacentVerificationRegressions" name="test_jitter_rejects_uncomparable_output[nan]" time="0.018" /><testcase classname="tests.test_anti_cheat_edge_cases.TestAdjacentVerificationRegressions" name="test_jitter_rejects_uncomparable_output[inf]" time="0.019" /><testcase classname="tests.test_anti_cheat_protections.TestTimingProtections" name="test_unsynced_streams_detection" time="0.000"><skipped type="pytest.skip" message="CUDA required for anti-cheat protection tests">/Users/admin/dev/ai-perf/ai-performance-engineering/code/tests/test_anti_cheat_protections.py:129: CUDA required for anti-cheat protection tests</skipped></testcase><testcase classname="tests.test_anti_cheat_protections.TestTimingProtections" name="test_incomplete_async_ops_protection" time="0.000"><skipped type="pytest.skip" message="CUDA required for anti-cheat protection tests">/Users/admin/dev/ai-perf/ai-performance-engineering/code/tests/test_anti_cheat_protections.py:136: CUDA required for anti-cheat protection tests</skipped></testcase><testcase classname="tests.test_anti_cheat_protections.TestTimingProtections" name="test_event_timing_cross_validation" time="0.000"><skipped type="pytest.skip" message="CUDA required for anti-cheat protection tests">/Users/admin/dev/ai-perf/ai-performance-engineering/code/tests/test_anti_cheat_protections.py:140: CUDA required for anti-cheat protection tests</skipped></testcase><testcase classname="tests.test_anti_cheat_protections.TestTimingProtections" name="test_timer_granularity_adaptive_iterations" time="0.000"><skipped type="pytest.skip" message="CUDA required for anti-cheat protection tests">/Users/admin/dev/ai-perf/ai-performance-engineering/code/tests/test_anti_cheat_protections.py:144: CUDA required for anti-cheat protection tests</skipped></testcase><testcase classname="tests.test_anti_cheat_protections.TestTimingProtections" name="test_warmup_bleed_isolation" time="0.000"><skipped type="pytest.skip" message="CUDA required for anti-cheat protection tests">/Users/admin/dev/ai-perf/ai-performance-engineering/code/tests/test_anti_cheat_protections.py:148: CUDA required for anti-cheat protection tests</skipped></testcase><testcase classname="tests.test_anti_cheat_protections.TestTimingProtections" name="test_clock_drift_monotonic" time="0.002" /><testcase classname="tests.test_anti_cheat_protections.TestTimingProtections" name="test_profiler_overhead_profile_free_path" time="0.001" /><testcase classname="tests.test_anti_cheat_protections.TestOutputProtections" name="test_constant_output_jitter_check" time="0.021" /><testcase classname="tests.test_anti_cheat_protections.TestOutputProtections" name="test_stale_cache_fresh_input_check" time="0.020" /><testcase classname="tests.test_anti_cheat_protections.TestOutputProtections" name="test_invalid_values_nan_detection" time="0.020" /><testcase classname="tests.test_anti_cheat_protections.TestOutputProtections" name="test_invalid_values_inf_detection" time="0.019" /><testcase classname="tests.test_anti_cheat_protections.TestOutputProtections" name="test_denormalized_values_detection" time="0.020" /><testcase classname="tests.test_anti_cheat_protections.TestOutputProtections" name="test_uninitialized_memory_detection" time="0.019" /><testcase classname="tests.test_anti_cheat_protections.TestWorkloadProtections" name="test_undeclared_shortcuts_workload_invariant" time="0.000" /><testcase classname="tests.test_anti_cheat_protections.TestWorkloadProtections" name="test_early_exit_config_immutability" time="0.002" /><testcase classname="tests.test_anti_cheat_protections.TestWorkloadProtections" name="test_backend_precision_policy_mutation_detection" time="0.000" /><testcase classname="tests.test_anti_cheat_protections.TestWorkloadProtections" name="test_sparsity_mismatch_detection" time="0.000" /><testcase classname="tests.test_anti_cheat_protections.TestLocationProtections" name="test_cpu_spillover_detection" time="0.001" /><testcase classname="tests.test_anti_cheat_protections.TestLocationProtections" name="test_setup_precomputation_detection" time="0.000" /><testcase classname="tests.test_anti_cheat_protections.TestLocationProtections" name="test_graph_capture_cheat_detection" time="0.000" /><testcase classname="tests.test_anti_cheat_protections.TestLocationProtections" name="test_graph_capture_thresholds_respected" time="0.000" /><testcase classname="tests.test_anti_cheat_protections.TestLocationProtections" name="test_lazy_evaluation_force_evaluation" time="0.001" /><testcase classname="tests.test_anti_cheat_protections.TestMemoryProtections" name="test_preallocated_output_detection" time="0.022" /><testcase classname="tests.test_anti_cheat_protections.TestMemoryProtections" name="test_input_output_aliasing_detection" time="0.000" /><testcase classname="tests.test_anti_cheat_protections.TestMemoryProtections" name="test_memory_pool_reset" time="0.000"><skipped type="pytest.skip" message="CUDA required for anti-cheat protection tests">/Users/admin/dev/ai-perf/ai-performance-engineering/code/tests/test_anti_cheat_protections.py:423: CUDA required for anti-cheat protection tests</skipped></testcase><testcase classname="tests.test_anti_cheat_protections.TestCUDAProtections" name="test_async_memcpy_sync" time="0.000"><skipped type="pytest.skip" message="CUDA required for anti-cheat protection tests">/Users/admin/dev/ai-perf/ai-performance-engineering/code/tests/test_anti_cheat_protections.py:453: CUDA required for anti-cheat protection tests</skipped></testcase><testcase classname="tests.test_anti_cheat_protections.TestCUDAProtections" name="test_undeclared_multi_gpu_detection" time="0.000"><skipped type="pytest.skip" message="Missing production protection: no undeclared-GPU execution detector; environment inventory only warns that multiple devices exist">/Users/admin/dev/ai-perf/ai-performance-engineering/code/tests/test_anti_cheat_protections.py:458: Missing production protection: no undeclared-GPU execution detector; environment inventory only warns that multiple devices exist</skipped></testcase><testcase classname="tests.test_anti_cheat_protections.TestCUDAProtections" name="test_context_switch_handling" time="0.000"><skipped type="pytest.skip" message="Missing production protection: no CUDA context-switch enforcement detector">/Users/admin/dev/ai-perf/ai-performance-engineering/code/tests/test_anti_cheat_protections.py:461: Missing production protection: no CUDA context-switch enforcement detector</skipped></testcase><testcase classname="tests.test_anti_cheat_protections.TestCompileProtections" name="test_compilation_cache_clear" time="0.018" /><testcase classname="tests.test_anti_cheat_protections.TestCompileProtections" name="test_trace_reuse_reset" time="0.013" /><testcase classname="tests.test_anti_cheat_protections.TestCompileProtections" name="test_guard_failure_detection" time="0.014" /><testcase classname="tests.test_anti_cheat_protections.TestDistributedProtections" name="test_rank_skipping_detection" time="0.000" /><testcase classname="tests.test_anti_cheat_protections.TestDistributedProtections" name="test_topology_mismatch_detection" time="0.000" /><testcase classname="tests.test_anti_cheat_protections.TestEnvironmentProtections" name="test_device_mismatch_validation" time="0.000"><skipped type="pytest.skip" message="Missing production protection: validate_environment does not compare expected and observed GPU identities">/Users/admin/dev/ai-perf/ai-performance-engineering/code/tests/test_anti_cheat_protections.py:541: Missing production protection: validate_environment does not compare expected and observed GPU identities</skipped></testcase><testcase classname="tests.test_anti_cheat_protections.TestEnvironmentProtections" name="test_frequency_boost_clock_locking" time="0.000"><skipped type="pytest.skip" message="CUDA required for anti-cheat protection tests">/Users/admin/dev/ai-perf/ai-performance-engineering/code/tests/test_anti_cheat_protections.py:543: CUDA required for anti-cheat protection tests</skipped></testcase><testcase classname="tests.test_anti_cheat_protections.TestEnvironmentProtections" name="test_thermal_throttling_monitoring" time="0.000" /><testcase classname="tests.test_anti_cheat_protections.TestEnvironmentProtections" name="test_power_limit_monitoring" time="0.000"><skipped type="pytest.skip" message="CUDA required for anti-cheat protection tests">/Users/admin/dev/ai-perf/ai-performance-engineering/code/tests/test_anti_cheat_protections.py:571: CUDA required for anti-cheat protection tests</skipped></testcase><testcase classname="tests.test_anti_cheat_protections.TestStatisticalProtections" name="test_cherry_picking_prevention" time="0.001" /><testcase classname="tests.test_anti_cheat_protections.TestStatisticalProtections" name="test_all_iterations_reported" time="0.001" /><testcase classname="tests.test_anti_cheat_protections.TestStatisticalProtections" name="test_insufficient_samples_adaptive" time="0.000"><skipped type="pytest.skip" message="CUDA required for anti-cheat protection tests">/Users/admin/dev/ai-perf/ai-performance-engineering/code/tests/test_anti_cheat_protections.py:620: CUDA required for anti-cheat protection tests</skipped></testcase><testcase classname="tests.test_anti_cheat_protections.TestStatisticalProtections" name="test_cold_start_warmup_enforcement" time="0.000" /><testcase classname="tests.test_anti_cheat_protections.TestStatisticalProtections" name="test_gc_interference_disabled" time="0.000" /><testcase classname="tests.test_anti_cheat_protections.TestStatisticalProtections" name="test_background_process_isolation" time="0.000"><skipped type="pytest.skip" message="Missing production protection: no background CPU process noise/isolation detector; synchronizing CUDA does not provide OS isolation">/Users/admin/dev/ai-perf/ai-performance-engineering/code/tests/test_anti_cheat_protections.py:651: Missing production protection: no background CPU process noise/isolation detector; synchronizing CUDA does not provide OS isolation</skipped></testcase><testcase classname="tests.test_anti_cheat_protections.TestEvaluationProtections" name="test_eval_code_exploitation_contract" time="0.004" /><testcase classname="tests.test_anti_cheat_protections.TestEvaluationProtections" name="test_timeout_manipulation_immutability" time="0.002" /><testcase classname="tests.test_anti_cheat_protections.TestEvaluationProtections" name="test_test_data_leakage_contamination_check" time="0.000"><skipped type="pytest.skip" message="Missing protection: no dataset provenance/holdout-overlap detector is implemented; set arithmetic is not detector coverage">/Users/admin/dev/ai-perf/ai-performance-engineering/code/tests/test_anti_cheat_protections.py:685: Missing protection: no dataset provenance/holdout-overlap detector is implemented; set arithmetic is not detector coverage</skipped></testcase><testcase classname="tests.test_anti_cheat_protections.TestEvaluationProtections" name="test_benchmark_overfitting_jitter_fresh" time="0.022" /><testcase classname="tests.test_anti_cheat_protections.TestCUDAGraphProtections" name="test_cuda_graph_capture_integrity" time="0.000" /><testcase classname="tests.test_anti_cheat_protections.TestL2CacheProtections" name="test_l2_cache_size_detection" time="0.000"><skipped type="pytest.skip" message="CUDA required for anti-cheat protection tests">/Users/admin/dev/ai-perf/ai-performance-engineering/code/tests/test_anti_cheat_protections.py:714: CUDA required for anti-cheat protection tests</skipped></testcase><testcase classname="tests.test_anti_cheat_protections.TestL2CacheProtections" name="test_l2_cache_flush" time="0.000"><skipped type="pytest.skip" message="CUDA required for anti-cheat protection tests">/Users/admin/dev/ai-perf/ai-performance-engineering/code/tests/test_anti_cheat_protections.py:727: CUDA required for anti-cheat protection tests</skipped></testcase><testcase classname="tests.test_anti_cheat_protections.TestStreamAuditorProtections" name="test_stream_auditor_context" time="0.000"><skipped type="pytest.skip" message="CUDA required for anti-cheat protection tests">/Users/admin/dev/ai-perf/ai-performance-engineering/code/tests/test_anti_cheat_protections.py:746: CUDA required for anti-cheat protection tests</skipped></testcase><testcase classname="tests.test_anti_cheat_protections.TestStreamAuditorProtections" name="test_stream_auditor_detects_unsynced_custom_stream" time="0.000"><skipped type="pytest.skip" message="CUDA required for anti-cheat protection tests">/Users/admin/dev/ai-perf/ai-performance-engineering/code/tests/test_anti_cheat_protections.py:765: CUDA required for anti-cheat protection tests</skipped></testcase><testcase classname="tests.test_anti_cheat_protections.TestStreamAuditorProtections" name="test_stream_auditor_accepts_stream_synchronize" time="0.000"><skipped type="pytest.skip" message="CUDA required for anti-cheat protection tests">/Users/admin/dev/ai-perf/ai-performance-engineering/code/tests/test_anti_cheat_protections.py:780: CUDA required for anti-cheat protection tests</skipped></testcase><testcase classname="tests.test_anti_cheat_protections.TestStreamAuditorProtections" name="test_stream_auditor_accepts_wait_stream" time="0.000"><skipped type="pytest.skip" message="CUDA required for anti-cheat protection tests">/Users/admin/dev/ai-perf/ai-performance-engineering/code/tests/test_anti_cheat_protections.py:795: CUDA required for anti-cheat protection tests</skipped></testcase><testcase classname="tests.test_anti_cheat_protections.TestStreamAuditorProtections" name="test_stream_sync_completeness_check" time="0.000" /><testcase classname="tests.test_anti_cheat_protections.TestWorkloadProtectionsExtended" name="test_attention_mask_mismatch_detection" time="0.020" /><testcase classname="tests.test_anti_cheat_protections.TestWorkloadProtectionsExtended" name="test_kv_cache_size_mismatch_detection" time="0.000" /><testcase classname="tests.test_anti_cheat_protections.TestWorkloadProtectionsExtended" name="test_train_test_overlap_detection" time="0.000"><skipped type="pytest.skip" message="Missing protection: no dataset provenance/holdout-overlap detector is implemented; set arithmetic is not detector coverage">/Users/admin/dev/ai-perf/ai-performance-engineering/code/tests/test_anti_cheat_protections.py:860: Missing protection: no dataset provenance/holdout-overlap detector is implemented; set arithmetic is not detector coverage</skipped></testcase><testcase classname="tests.test_anti_cheat_protections.TestWorkloadProtectionsExtended" name="test_batch_shrinking_detection" time="0.000" /><testcase classname="tests.test_anti_cheat_protections.TestWorkloadProtectionsExtended" name="test_sequence_truncation_detection" time="0.000" /><testcase classname="tests.test_anti_cheat_protections.TestWorkloadProtectionsExtended" name="test_hidden_downsampling_detection" time="0.000" /><testcase classname="tests.test_anti_cheat_protections.TestLocationProtectionsExtended" name="test_warmup_computation_isolation" time="0.000"><skipped type="pytest.skip" message="CUDA required for anti-cheat protection tests">/Users/admin/dev/ai-perf/ai-performance-engineering/code/tests/test_anti_cheat_protections.py:953: CUDA required for anti-cheat protection tests</skipped></testcase><testcase classname="tests.test_anti_cheat_protections.TestLocationProtectionsExtended" name="test_background_thread_isolation" time="0.000"><skipped type="pytest.skip" message="Missing production protection: no in-process background-thread computation guard">/Users/admin/dev/ai-perf/ai-performance-engineering/code/tests/test_anti_cheat_protections.py:959: Missing production protection: no in-process background-thread computation guard</skipped></testcase><testcase classname="tests.test_anti_cheat_protections.TestMemoryProtectionsExtended" name="test_pinned_memory_timing" time="0.000"><skipped type="pytest.skip" message="CUDA required for anti-cheat protection tests">/Users/admin/dev/ai-perf/ai-performance-engineering/code/tests/test_anti_cheat_protections.py:969: CUDA required for anti-cheat protection tests</skipped></testcase><testcase classname="tests.test_anti_cheat_protections.TestMemoryProtectionsExtended" name="test_fragmentation_effects" time="0.000"><skipped type="pytest.skip" message="CUDA required for anti-cheat protection tests">/Users/admin/dev/ai-perf/ai-performance-engineering/code/tests/test_anti_cheat_protections.py:973: CUDA required for anti-cheat protection tests</skipped></testcase><testcase classname="tests.test_anti_cheat_protections.TestMemoryProtectionsExtended" name="test_page_fault_timing" time="0.000"><skipped type="pytest.skip" message="Missing production protection: no page-fault event detector">/Users/admin/dev/ai-perf/ai-performance-engineering/code/tests/test_anti_cheat_protections.py:995: Missing production protection: no page-fault event detector</skipped></testcase><testcase classname="tests.test_anti_cheat_protections.TestMemoryProtectionsExtended" name="test_swap_interference" time="0.003" /><testcase classname="tests.test_anti_cheat_protections.TestCUDAProtectionsExtended" name="test_host_callback_escape" time="0.000"><skipped type="pytest.skip" message="Missing production protection: no CUDA host-callback execution detector">/Users/admin/dev/ai-perf/ai-performance-engineering/code/tests/test_anti_cheat_protections.py:1009: Missing production protection: no CUDA host-callback execution detector</skipped></testcase><testcase classname="tests.test_anti_cheat_protections.TestCUDAProtectionsExtended" name="test_workspace_precompute_detection" time="0.000"><skipped type="pytest.skip" message="Missing production protection: no cuBLAS workspace precomputation detector">/Users/admin/dev/ai-perf/ai-performance-engineering/code/tests/test_anti_cheat_protections.py:1012: Missing production protection: no cuBLAS workspace precomputation detector</skipped></testcase><testcase classname="tests.test_anti_cheat_protections.TestCUDAProtectionsExtended" name="test_persistent_kernel_detection" time="0.000"><skipped type="pytest.skip" message="Missing production protection: no persistent-kernel lifetime detector">/Users/admin/dev/ai-perf/ai-performance-engineering/code/tests/test_anti_cheat_protections.py:1015: Missing production protection: no persistent-kernel lifetime detector</skipped></testcase><testcase classname="tests.test_anti_cheat_protections.TestCUDAProtectionsExtended" name="test_driver_overhead_tracking" time="0.000"><skipped type="pytest.skip" message="Missing production protection: no driver-overhead attribution detector">/Users/admin/dev/ai-perf/ai-performance-engineering/code/tests/test_anti_cheat_protections.py:1018: Missing production protection: no driver-overhead attribution detector</skipped></testcase><testcase classname="tests.test_anti_cheat_protections.TestCUDAProtectionsExtended" name="test_cooperative_launch_validation" time="0.000"><skipped type="pytest.skip" message="Missing production protection: no cooperative-launch inspector">/Users/admin/dev/ai-perf/ai-performance-engineering/code/tests/test_anti_cheat_protections.py:1021: Missing production protection: no cooperative-launch inspector</skipped></testcase><testcase classname="tests.test_anti_cheat_protections.TestCUDAProtectionsExtended" name="test_dynamic_parallelism_tracking" time="0.000"><skipped type="pytest.skip" message="Missing production protection: no device-side dynamic-launch inspector">/Users/admin/dev/ai-perf/ai-performance-engineering/code/tests/test_anti_cheat_protections.py:1024: Missing production protection: no device-side dynamic-launch inspector</skipped></testcase><testcase classname="tests.test_anti_cheat_protections.TestCUDAProtectionsExtended" name="test_unified_memory_fault_tracking" time="0.000"><skipped type="pytest.skip" message="Missing production protection: no managed-memory page-fault event detector">/Users/admin/dev/ai-perf/ai-performance-engineering/code/tests/test_anti_cheat_protections.py:1027: Missing production protection: no managed-memory page-fault event detector</skipped></testcase><testcase classname="tests.test_anti_cheat_protections.TestCompileProtectionsExtended" name="test_mode_inconsistency_detection" time="0.020" /><testcase classname="tests.test_anti_cheat_protections.TestCompileProtectionsExtended" name="test_inductor_asymmetry_detection" time="0.000"><skipped type="pytest.skip" message="Missing production protection: no compiler-backend parity policy detector">/Users/admin/dev/ai-perf/ai-performance-engineering/code/tests/test_anti_cheat_protections.py:1047: Missing production protection: no compiler-backend parity policy detector</skipped></testcase><testcase classname="tests.test_anti_cheat_protections.TestCompileProtectionsExtended" name="test_autotuning_variance_handling" time="0.000"><skipped type="pytest.skip" message="Missing production protection: no compiler-autotuning variance classifier">/Users/admin/dev/ai-perf/ai-performance-engineering/code/tests/test_anti_cheat_protections.py:1050: Missing production protection: no compiler-autotuning variance classifier</skipped></testcase><testcase classname="tests.test_anti_cheat_protections.TestDistributedProtectionsExtended" name="test_collective_short_circuit_detection" time="0.000" /><testcase classname="tests.test_anti_cheat_protections.TestDistributedProtectionsExtended" name="test_barrier_timing_protection" time="0.000"><skipped type="pytest.skip" message="Missing production protection: no rank-barrier timing detector">/Users/admin/dev/ai-perf/ai-performance-engineering/code/tests/test_anti_cheat_protections.py:1077: Missing production protection: no rank-barrier timing detector</skipped></testcase><testcase classname="tests.test_anti_cheat_protections.TestDistributedProtectionsExtended" name="test_gradient_bucketing_mismatch_detection" time="0.000"><skipped type="pytest.skip" message="Missing production protection: no gradient bucket-size parity field or detector">/Users/admin/dev/ai-perf/ai-performance-engineering/code/tests/test_anti_cheat_protections.py:1080: Missing production protection: no gradient bucket-size parity field or detector</skipped></testcase><testcase classname="tests.test_anti_cheat_protections.TestDistributedProtectionsExtended" name="test_async_gradient_timing" time="0.000"><skipped type="pytest.skip" message="Missing production protection: no asynchronous gradient completion timing detector">/Users/admin/dev/ai-perf/ai-performance-engineering/code/tests/test_anti_cheat_protections.py:1083: Missing production protection: no asynchronous gradient completion timing detector</skipped></testcase><testcase classname="tests.test_anti_cheat_protections.TestDistributedProtectionsExtended" name="test_pipeline_bubble_tracking" time="0.000"><skipped type="pytest.skip" message="CUDA required for anti-cheat protection tests">/Users/admin/dev/ai-perf/ai-performance-engineering/code/tests/test_anti_cheat_protections.py:1085: CUDA required for anti-cheat protection tests</skipped></testcase><testcase classname="tests.test_anti_cheat_protections.TestDistributedProtectionsExtended" name="test_shard_size_mismatch_detection" time="0.000" /><testcase classname="tests.test_anti_cheat_protections.TestEnvironmentProtectionsExtended" name="test_environment_validation_reports_execution_context" time="0.003" /><testcase classname="tests.test_anti_cheat_protections.TestEnvironmentProtectionsExtended" name="test_memory_overcommit_handling" time="0.000"><skipped type="pytest.skip" message="Missing production protection: no OS or GPU overcommit policy detector exists; memory-growth warnings do not establish it">/Users/admin/dev/ai-perf/ai-performance-engineering/code/tests/test_anti_cheat_protections.py:1171: Missing production protection: no OS or GPU overcommit policy detector exists; memory-growth warnings do not establish it</skipped></testcase><testcase classname="tests.test_anti_cheat_protections.TestEnvironmentProtectionsExtended" name="test_numa_inconsistency_detection" time="0.003" /><testcase classname="tests.test_anti_cheat_protections.TestEnvironmentProtectionsExtended" name="test_cpu_governor_mismatch_detection" time="0.000"><skipped type="pytest.skip" message="CUDA required for anti-cheat protection tests">/Users/admin/dev/ai-perf/ai-performance-engineering/code/tests/test_anti_cheat_protections.py:1176: CUDA required for anti-cheat protection tests</skipped></testcase><testcase classname="tests.test_anti_cheat_protections.TestEnvironmentProtectionsExtended" name="test_driver_version_mismatch_detection" time="0.000"><skipped type="pytest.skip" message="Missing production protection: RunManifest records a driver version but no cross-run driver-version lock is enforced">/Users/admin/dev/ai-perf/ai-performance-engineering/code/tests/test_anti_cheat_protections.py:1238: Missing production protection: RunManifest records a driver version but no cross-run driver-version lock is enforced</skipped></testcase><testcase classname="tests.test_anti_cheat_protections.TestEnvironmentProtectionsExtended" name="test_library_version_mismatch_detection" time="0.000"><skipped type="pytest.skip" message="Missing production protection: RunManifest does not record cuDNN/cuBLAS version parity or enforce a cross-run library lock">/Users/admin/dev/ai-perf/ai-performance-engineering/code/tests/test_anti_cheat_protections.py:1241: Missing production protection: RunManifest does not record cuDNN/cuBLAS version parity or enforce a cross-run library lock</skipped></testcase><testcase classname="tests.test_anti_cheat_protections.TestEnvironmentProtectionsExtended" name="test_container_resource_limits_handling" time="0.003" /><testcase classname="tests.test_anti_cheat_protections.TestEnvironmentProtectionsExtended" name="test_virtualization_overhead_handling" time="0.002" /><testcase classname="tests.test_anti_cheat_protections.TestStatisticalProtectionsExtended" name="test_outlier_injection_detection" time="0.001" /><testcase classname="tests.test_anti_cheat_protections.TestStatisticalProtectionsExtended" name="test_variance_gaming_detection" time="0.000" /><testcase classname="tests.test_anti_cheat_protections.TestStatisticalProtectionsExtended" name="test_percentile_selection_detection" time="0.000" /><testcase classname="tests.test_anti_cheat_protections.TestEvaluationProtectionsExtended" name="test_metric_definition_gaming_detection" time="0.003" /><testcase classname="tests.test_anti_cheat_protections.TestEvaluationProtectionsExtended" name="test_self_modifying_tests_prevention" time="0.002" /><testcase classname="tests.test_anti_cheat_protections.TestEvaluationProtectionsExtended" name="test_benchmark_memorization_prevention" time="0.023" /><testcase classname="tests.test_anti_cheat_protections.TestEvaluationProtectionsExtended" name="test_missing_holdout_sets_handling" time="0.000"><skipped type="pytest.skip" message="Missing protection: no dataset provenance/holdout-overlap detector is implemented; set arithmetic is not detector coverage">/Users/admin/dev/ai-perf/ai-performance-engineering/code/tests/test_anti_cheat_protections.py:1314: Missing protection: no dataset provenance/holdout-overlap detector is implemented; set arithmetic is not detector coverage</skipped></testcase><testcase classname="tests.test_anti_cheat_protections.TestReproducibilityProtections" name="test_version_locking_in_manifest" time="0.000"><skipped type="pytest.skip" message="Missing production protection: version provenance capture does not enforce version locking">/Users/admin/dev/ai-perf/ai-performance-engineering/code/tests/test_anti_cheat_protections.py:1325: Missing production protection: version provenance capture does not enforce version locking</skipped></testcase><testcase classname="tests.test_anti_cheat_protections.TestReproducibilityProtections" name="test_seed_determinism" time="0.019" /><testcase classname="tests.test_anti_cheat_protections.TestReproducibilityProtections" name="test_hardware_info_capture" time="0.000" /><testcase classname="tests.test_anti_cheat_protections.TestReproducibilityProtections" name="test_environment_snapshot" time="0.169" /><testcase classname="tests.test_anti_cheat_protections.TestReproducibilityProtections" name="test_run_manifest_completeness" time="0.000"><skipped type="pytest.skip" message="CUDA required for anti-cheat protection tests">/Users/admin/dev/ai-perf/ai-performance-engineering/code/tests/test_anti_cheat_protections.py:1358: CUDA required for anti-cheat protection tests</skipped></testcase><testcase classname="tests.test_anti_cheat_protections.TestProtectionSummary" name="test_all_protection_categories_have_tests" time="0.000"><skipped type="pytest.skip" message="A count of test names is not protection coverage; inspect named behavioral tests and explicit missing-protection skips">/Users/admin/dev/ai-perf/ai-performance-engineering/code/tests/test_anti_cheat_protections.py:1387: A count of test names is not protection coverage; inspect named behavioral tests and explicit missing-protection skips</skipped></testcase><testcase classname="tests.test_protection_effectiveness.TestTimingProtectionsCatchAttacks" name="test_stream_auditor_catches_unsynced_work" time="0.000"><skipped type="pytest.skip" message="real CUDA stream execution required">/Users/admin/dev/ai-perf/ai-performance-engineering/code/tests/test_protection_effectiveness.py:74: real CUDA stream execution required</skipped></testcase><testcase classname="tests.test_protection_effectiveness.TestTimingProtectionsCatchAttacks" name="test_event_timing_catches_negative_elapsed" time="0.000" /><testcase classname="tests.test_protection_effectiveness.TestTimingProtectionsCatchAttacks" name="test_warmup_detection_catches_computation_bleed" time="0.022" /><testcase classname="tests.test_protection_effectiveness.TestOutputProtectionsCatchAttacks" name="test_nan_check_catches_nan_in_output" time="0.018" /><testcase classname="tests.test_protection_effectiveness.TestOutputProtectionsCatchAttacks" name="test_inf_check_catches_inf_in_output" time="0.020" /><testcase classname="tests.test_protection_effectiveness.TestOutputProtectionsCatchAttacks" name="test_constant_output_check_catches_hardcoded" time="0.019" /><testcase classname="tests.test_protection_effectiveness.TestOutputProtectionsCatchAttacks" name="test_shape_mismatch_catches_wrong_shape" time="0.020" /><testcase classname="tests.test_protection_effectiveness.TestOutputProtectionsCatchAttacks" name="test_dtype_mismatch_catches_wrong_dtype" time="0.020" /><testcase classname="tests.test_protection_effectiveness.TestOutputProtectionsCatchAttacks" name="test_tolerance_catches_large_difference" time="0.019" /><testcase classname="tests.test_protection_effectiveness.TestWorkloadProtectionsCatchAttacks" name="test_signature_catches_batch_shrinking" time="0.000" /><testcase classname="tests.test_protection_effectiveness.TestWorkloadProtectionsCatchAttacks" name="test_signature_catches_sequence_truncation" time="0.000" /><testcase classname="tests.test_protection_effectiveness.TestWorkloadProtectionsCatchAttacks" name="test_workload_metrics_catches_reduced_work" time="0.000" /><testcase classname="tests.test_protection_effectiveness.TestMemoryProtectionsCatchAttacks" name="test_aliasing_catches_input_output_same_memory" time="0.020" /><testcase classname="tests.test_protection_effectiveness.TestMemoryProtectionsCatchAttacks" name="test_preallocated_output_catches_prefilled" time="0.000" /><testcase classname="tests.test_protection_effectiveness.TestMemoryProtectionsCatchAttacks" name="test_fresh_input_catches_cached_output" time="0.022" /><testcase classname="tests.test_protection_effectiveness.TestCudaProtectionsCatchAttacks" name="test_sync_catches_async_work_not_timed" time="0.000"><skipped type="pytest.skip" message="real CUDA stream execution required">/Users/admin/dev/ai-perf/ai-performance-engineering/code/tests/test_protection_effectiveness.py:173: real CUDA stream execution required</skipped></testcase><testcase classname="tests.test_protection_effectiveness.TestCudaProtectionsCatchAttacks" name="test_graph_capture_catches_work_in_capture" time="0.000" /><testcase classname="tests.test_protection_effectiveness.TestStatisticalProtectionsCatchAttacks" name="test_outlier_detection_catches_injected_outlier" time="0.001" /><testcase classname="tests.test_protection_effectiveness.TestStatisticalProtectionsCatchAttacks" name="test_variance_check_catches_cherry_picking" time="0.000" /><testcase classname="tests.test_protection_effectiveness.TestStatisticalProtectionsCatchAttacks" name="test_sample_count_catches_insufficient_samples" time="0.019" /><testcase classname="tests.test_protection_effectiveness.TestStatisticalProtectionsCatchAttacks" name="test_gc_interference_catches_gc_during_timing" time="0.000" /><testcase classname="tests.test_protection_effectiveness.TestSeedProtectionsCatchAttacks" name="test_seed_mutation_catches_changed_seed" time="0.021" /><testcase classname="tests.test_protection_effectiveness.TestSeedProtectionsCatchAttacks" name="test_determinism_catches_non_reproducible" time="0.021" /><testcase classname="tests.test_protection_effectiveness.TestJitterProtectionsCatchAttacks" name="test_jitter_catches_hardcoded_output" time="0.020" /><testcase classname="tests.test_protection_effectiveness.TestJitterProtectionsCatchAttacks" name="test_jitter_accepts_legitimate_sensitivity" time="0.019" /><testcase classname="tests.test_protection_effectiveness.TestEnvironmentProtectionsCatchAttacks" name="test_thermal_throttling_catches_temperature_change" time="0.000" /><testcase classname="tests.test_protection_effectiveness.TestMissingEdgeCases" name="test_empty_tensor_handling[dtype0]" time="0.020" /><testcase classname="tests.test_protection_effectiveness.TestMissingEdgeCases" name="test_empty_tensor_handling[dtype1]" time="0.020" /><testcase classname="tests.test_protection_effectiveness.TestMissingEdgeCases" name="test_empty_tensor_handling[dtype2]" time="0.020" /><testcase classname="tests.test_protection_effectiveness.TestMissingEdgeCases" name="test_empty_tensor_does_not_bypass_remaining_outputs" time="0.020" /><testcase classname="tests.test_protection_effectiveness.TestMissingEdgeCases" name="test_empty_tensor_preserves_custom_comparator" time="0.020" /><testcase classname="tests.test_protection_effectiveness.TestMissingEdgeCases" name="test_negative_stride_handling" time="0.020" /><testcase classname="tests.test_protection_effectiveness.TestMissingEdgeCases" name="test_non_contiguous_tensor_handling" time="0.021" /><testcase classname="tests.test_protection_effectiveness.TestMissingEdgeCases" name="test_very_small_learning_rate_precision" time="0.021" /><testcase classname="tests.test_protection_effectiveness.TestMissingEdgeCases" name="test_integer_overflow_handling" time="0.020" /><testcase classname="tests.test_protection_effectiveness.TestMissingEdgeCases" name="test_mixed_precision_comparison" time="0.020" /><testcase classname="tests.test_protection_effectiveness.TestMissingEdgeCases" name="test_cuda_oom_recovery" time="0.004" /><testcase classname="tests.test_protection_effectiveness.TestMissingEdgeCases" name="test_gradient_checkpointing_memory" time="0.035" /><testcase classname="tests.test_protection_effectiveness.TestMissingEdgeCases" name="test_deterministic_algorithm_enforcement" time="0.020" /><testcase classname="tests.test_protection_effectiveness.TestMetaTestValidity" name="test_nan_detection_actually_works" time="0.020" /><testcase classname="tests.test_protection_effectiveness.TestMetaTestValidity" name="test_tolerance_comparison_actually_works" time="0.020" /><testcase classname="tests.test_protection_effectiveness.TestMetaTestValidity" name="test_shape_comparison_actually_works" time="0.019" /><testcase classname="tests.test_protection_effectiveness.TestMetaTestValidity" name="test_memory_pointer_comparison_works" time="0.000" /><testcase classname="tests.test_verification.TestPrecisionFlags" name="test_default_values" time="0.000" /><testcase classname="tests.test_verification.TestPrecisionFlags" name="test_to_dict" time="0.000" /><testcase classname="tests.test_verification.TestPrecisionFlags" name="test_from_dict" time="0.000" /><testcase classname="tests.test_verification.TestPrecisionFlags" name="test_from_dict_with_missing_keys" time="0.000" /><testcase classname="tests.test_verification.TestInputSignature" name="test_create_basic_signature" time="0.000" /><testcase classname="tests.test_verification.TestInputSignature" name="test_hash_is_deterministic" time="0.000" /><testcase classname="tests.test_verification.TestInputSignature" name="test_hash_changes_with_different_values" time="0.000" /><testcase classname="tests.test_verification.TestInputSignature" name="test_matches" time="0.000" /><testcase classname="tests.test_verification.TestInputSignature" name="test_validate_missing_shapes" time="0.000" /><testcase classname="tests.test_verification.TestInputSignature" name="test_validate_invalid_batch_size" time="0.000" /><testcase classname="tests.test_verification.TestInputSignature" name="test_pipeline_stage_boundaries_required" time="0.000" /><testcase classname="tests.test_verification.TestInputSignature" name="test_pipeline_stage_boundaries_contiguous" time="0.000" /><testcase classname="tests.test_verification.TestInputSignature" name="test_to_dict_and_from_dict_roundtrip" time="0.000" /><testcase classname="tests.test_verification.TestToleranceSpec" name="test_default_tolerances_exist" time="0.000" /><testcase classname="tests.test_verification.TestToleranceSpec" name="test_get_tolerance_for_dtype" time="0.000" /><testcase classname="tests.test_verification.TestToleranceSpec" name="test_get_tolerance_for_unknown_dtype" time="0.000" /><testcase classname="tests.test_verification.TestToleranceSpec" name="test_is_tolerance_looser" time="0.000" /><testcase classname="tests.test_verification.TestQuarantineReason" name="test_all_reasons_have_values" time="0.000" /><testcase classname="tests.test_verification.TestQuarantineReason" name="test_reason_values_are_unique" time="0.000" /><testcase classname="tests.test_verification.TestEnforcementPhase" name="test_default_phase_is_detect" time="0.000" /><testcase classname="tests.test_verification.TestEnforcementPhase" name="test_get_phase_from_env" time="0.000" /><testcase classname="tests.test_verification.TestEnforcementPhase" name="test_quarantine_phase" time="0.000" /><testcase classname="tests.test_verification.TestEnforcementPhase" name="test_invalid_phase_defaults_to_detect" time="0.000" /><testcase classname="tests.test_verification.TestVerificationEnabled" name="test_verification_enabled_by_default" time="0.000" /><testcase classname="tests.test_verification.TestVerificationEnabled" name="test_verification_can_be_disabled" time="0.000" /><testcase classname="tests.test_verification.TestVerificationEnabled" name="test_verification_enabled_with_zero" time="0.000" /><testcase classname="tests.test_verification.TestSeedManagement" name="test_set_deterministic_seeds" time="0.003" /><testcase classname="tests.test_verification.TestSeedManagement" name="test_seeds_produce_reproducible_results" time="0.001" /><testcase classname="tests.test_verification.TestJitterCheck" name="test_select_jitter_dimension_with_multidim" time="0.000" /><testcase classname="tests.test_verification.TestJitterCheck" name="test_select_jitter_dimension_batch_only" time="0.000" /><testcase classname="tests.test_verification.TestWorkloadComparison" name="test_compare_matching_metrics" time="0.000" /><testcase classname="tests.test_verification.TestWorkloadComparison" name="test_compare_within_tolerance" time="0.000" /><testcase classname="tests.test_verification.TestWorkloadComparison" name="test_compare_outside_tolerance" time="0.000" /><testcase classname="tests.test_verification.TestQuarantineManager" name="test_create_manager" time="0.001" /><testcase classname="tests.test_verification.TestQuarantineManager" name="test_quarantine_benchmark" time="0.001" /><testcase classname="tests.test_verification.TestQuarantineManager" name="test_clear_quarantine" time="0.001" /><testcase classname="tests.test_verification.TestQuarantineManager" name="test_persistence" time="0.001" /><testcase classname="tests.test_verification.TestQuarantineManager" name="test_get_quarantine_summary" time="0.001" /><testcase classname="tests.test_verification.TestSkipFlagDetection" name="test_detect_skip_output_check_attribute" time="0.000" /><testcase classname="tests.test_verification.TestSkipFlagDetection" name="test_detect_skip_input_verification_method" time="0.000" /><testcase classname="tests.test_verification.TestSkipFlagDetection" name="test_no_skip_flags" time="0.000" /><testcase classname="tests.test_verification.TestGoldenOutputCache" name="test_cache_put_and_get" time="0.023" /><testcase classname="tests.test_verification.TestGoldenOutputCache" name="test_cache_put_and_get_bfloat16" time="0.020" /><testcase classname="tests.test_verification.TestGoldenOutputCache" name="test_cache_has" time="0.021" /><testcase classname="tests.test_verification.TestGoldenOutputCache" name="test_cache_invalidate" time="0.020" /><testcase classname="tests.test_verification.TestVerifyRunner" name="test_verify_baseline_success" time="0.022" /><testcase classname="tests.test_verification.TestVerifyRunner" name="test_signature_validation_ignores_payload_output" time="0.022" /><testcase classname="tests.test_verification.TestVerifyRunner" name="test_verify_pair_matching_outputs" time="0.025" /><testcase classname="tests.test_verification.TestVerifyRunner" name="test_verify_missing_signature" time="0.020" /><testcase classname="tests.test_verification.TestVerifyRunner" name="test_verify_baseline_fails_when_mark_execution_complete_raises" time="0.022" /><testcase classname="tests.test_verification.TestVerifyRunner" name="test_verify_baseline_warns_when_teardown_fails" time="0.022" /><testcase classname="tests.test_verification.TestVerifyRunner" name="test_verify_baseline_fails_when_skip_hook_raises" time="0.020" /><testcase classname="tests.test_verification.TestVerifyRunner" name="test_verify_pair_surfaces_advisory_check_warnings" time="0.023" /><testcase classname="tests.test_verification.TestVerifyRunner" name="test_timing_config_warns_when_get_config_raises" time="0.000" /><testcase classname="tests.test_verification.TestVerifyResult" name="test_success_factory" time="0.000" /><testcase classname="tests.test_verification.TestVerifyResult" name="test_fail_factory" time="0.000" /><testcase classname="tests.test_verification.TestVerifyResult" name="test_to_dict_serialization" time="0.000" /><testcase classname="tests.test_verification.TestComparisonDetails" name="test_passed_comparison" time="0.000" /><testcase classname="tests.test_verification.TestComparisonDetails" name="test_failed_comparison_with_location" time="0.000" /><testcase classname="tests.test_verification.TestComparisonDetails" name="test_to_dict" time="0.000" /><testcase classname="tests.test_verification.TestVerificationIntegration" name="test_full_verification_workflow" time="0.022" /><testcase classname="tests.test_verification.TestVerificationIntegration" name="test_quarantine_on_compliance_failure" time="0.001" /><testcase classname="tests.test_verification.TestPropertyBased" name="test_signature_hash_deterministic" time="0.069" /><testcase classname="tests.test_verification.TestPropertyBased" name="test_tolerance_looser_reflexive" time="0.013" /><testcase classname="tests.test_verification.TestPropertyBased" name="test_tolerance_looser_consistent" time="0.011" /><testcase classname="tests.test_verification.TestPropertyBased" name="test_signature_different_shapes_different_hash" time="0.010" /><testcase classname="tests.test_verification.TestPropertyBased" name="test_signature_roundtrip_serialization" time="0.007" /><testcase classname="tests.test_verification.TestPropertyBased" name="test_workload_metrics_equality_within_tolerance" time="0.009" /><testcase classname="tests.test_verification.TestPropertyBased" name="test_deterministic_seeds_are_reproducible" time="0.012" /><testcase classname="tests.test_verification.TestPropertyBased" name="test_quarantine_path_normalization" time="0.018" /><testcase classname="tests.test_verification.TestPropertyBasedVerifyRunner" name="test_verify_pair_symmetry_of_output_comparison" time="0.204" /><testcase classname="tests.test_verification.TestPropertyBasedVerifyRunner" name="test_output_comparison_respects_rtol" time="0.201" /><testcase classname="tests.test_verification.TestPropertyBasedVerifyRunner" name="test_output_comparison_fails_beyond_tolerance" time="0.199" /><testcase classname="tests.test_verification.TestPropertyBasedGoldenOutput" name="test_golden_output_checksum_deterministic" time="0.004" /><testcase classname="tests.test_verification.TestPropertyBasedGoldenOutput" name="test_golden_output_checksum_sensitive_to_changes" time="0.004" /><testcase classname="tests.test_runtime_transparency_warnings" name="test_ncu_set_discovery_records_structured_warning" time="0.020" /><testcase classname="tests.test_runtime_transparency_warnings" name="test_finalize_timed_out_nsys_records_cleanup_warnings" time="0.018" /><testcase classname="tests.test_runtime_transparency_warnings" name="test_reset_cuda_memory_pool_emits_runtime_warning" time="0.158" /><testcase classname="tests.test_runtime_transparency_warnings" name="test_reset_cuda_memory_pool_emits_release_pool_limitation_once" time="0.286" /><testcase classname="tests.test_runtime_transparency_warnings" name="test_reset_cuda_memory_pool_emits_allocator_limitation_once" time="0.291" /><testcase classname="tests.test_runtime_transparency_warnings" name="test_clear_compile_cache_emits_runtime_warning" time="0.000" /><testcase classname="tests.test_runtime_transparency_warnings" name="test_get_compile_state_emits_runtime_warning" time="0.000" /><testcase classname="tests.test_runtime_transparency_warnings" name="test_stream_auditor_stop_emits_restore_warnings" time="0.000" /><testcase classname="tests.test_runtime_transparency_warnings" name="test_direct_validity_checks_import_succeeds_in_fresh_python" time="0.983" /><testcase classname="tests.test_runtime_transparency_warnings" name="test_direct_hot_path_checks_import_succeeds_in_fresh_python" time="0.040" /><testcase classname="tests.test_runtime_transparency_warnings" name="test_direct_benchmark_contract_import_succeeds_in_fresh_python" time="0.043" /><testcase classname="tests.test_runtime_transparency_warnings" name="test_core_benchmark_package_import_stays_lazy_in_fresh_python" time="0.031" /><testcase classname="tests.test_runtime_transparency_warnings" name="test_core_benchmark_package_exports_resolve_in_fresh_python" time="2.178" /><testcase classname="tests.test_runtime_transparency_warnings" name="test_core_common_package_import_stays_lazy_in_fresh_python" time="0.033" /><testcase classname="tests.test_runtime_transparency_warnings" name="test_core_common_package_exports_resolve_in_fresh_python" time="2.382" /></testsuite></testsuites>