<?xml version="1.0" encoding="utf-8"?><testsuites name="pytest tests"><testsuite name="pytest" errors="0" failures="0" skipped="5" tests="46" time="6.722" timestamp="2026-08-30T19:42:24.687525-04:00" hostname="Mac"><testcase classname="tests.test_blackwell_gemm_optimizations_lab" name="test_blackwell_grouped_gemm_discovery_finds_primary_and_alias_targets" time="0.002" /><testcase classname="tests.test_blackwell_gemm_optimizations_lab" name="test_blackwell_grouped_gemm_wrappers_expose_get_benchmark[labs/blackwell_gemm_optimizations/baseline_blackwell_grouped_gemm.py]" time="0.001" /><testcase classname="tests.test_blackwell_gemm_optimizations_lab" name="test_blackwell_grouped_gemm_wrappers_expose_get_benchmark[labs/blackwell_gemm_optimizations/optimized_blackwell_grouped_gemm_large_tiles.py]" time="0.000" /><testcase classname="tests.test_blackwell_gemm_optimizations_lab" name="test_blackwell_grouped_gemm_wrappers_expose_get_benchmark[labs/blackwell_gemm_optimizations/optimized_blackwell_grouped_gemm_full_stack.py]" time="0.000" /><testcase classname="tests.test_blackwell_gemm_optimizations_lab" name="test_blackwell_grouped_gemm_wrappers_expose_get_benchmark[labs/blackwell_gemm_optimizations/optimized_blackwell_grouped_gemm_persistent.py]" time="0.000" /><testcase classname="tests.test_blackwell_gemm_optimizations_lab" name="test_blackwell_grouped_gemm_schedule_registry_is_complete" time="0.000" /><testcase classname="tests.test_blackwell_gemm_optimizations_lab" name="test_blackwell_grouped_gemm_cpu_helpers_leave_kernel_unloaded" time="2.484" /><testcase classname="tests.test_blackwell_gemm_optimizations_lab" name="test_blackwell_grouped_gemm_configs_require_real_triton" time="0.000" /><testcase classname="tests.test_blackwell_gemm_optimizations_lab" name="test_blackwell_grouped_gemm_skewed_counts_avoid_tensor_roundtrip" time="0.000" /><testcase classname="tests.test_blackwell_gemm_optimizations_lab" name="test_blackwell_grouped_gemm_padding_row_is_preallocated" time="0.000" /><testcase classname="tests.test_blackwell_gemm_optimizations_lab" name="test_blackwell_grouped_gemm_reuses_packed_token_view" time="0.001" /><testcase classname="tests.test_blackwell_gemm_optimizations_lab" name="test_blackwell_grouped_gemm_matrix_runner_records_timing_on_current_stream" time="0.001" /><testcase classname="tests.test_blackwell_gemm_optimizations_lab" name="test_blackwell_grouped_gemm_build_state_packs_routes_on_cpu[balanced]" time="0.003" /><testcase classname="tests.test_blackwell_gemm_optimizations_lab" name="test_blackwell_grouped_gemm_build_state_packs_routes_on_cpu[skewed]" time="0.002" /><testcase classname="tests.test_blackwell_gemm_optimizations_lab" name="test_blackwell_grouped_gemm_public_variants_match_reference" time="0.000"><skipped type="pytest.skip" message="CUDA required for Blackwell grouped GEMM validation">/Users/admin/dev/ai-perf/ai-performance-engineering/code/tests/test_blackwell_gemm_optimizations_lab.py:318: CUDA required for Blackwell grouped GEMM validation</skipped></testcase><testcase classname="tests.test_blackwell_gemm_optimizations_lab" name="test_blackwell_grouped_gemm_experimental_variants_execute" time="0.000"><skipped type="pytest.skip" message="CUDA required for Blackwell grouped GEMM validation">/Users/admin/dev/ai-perf/ai-performance-engineering/code/tests/test_blackwell_gemm_optimizations_lab.py:364: CUDA required for Blackwell grouped GEMM validation</skipped></testcase><testcase classname="tests.test_flashattention_gluon_runtime" name="test_baseline_flashattention_gluon_defers_output_clone_to_capture" time="0.000"><skipped type="pytest.skip" message="CUDA required">/Users/admin/dev/ai-perf/ai-performance-engineering/code/tests/test_flashattention_gluon_runtime.py:43: CUDA required</skipped></testcase><testcase classname="tests.test_flashattention_gluon_runtime" name="test_optimized_flashattention_gluon_defers_output_clone_to_capture" time="0.000"><skipped type="pytest.skip" message="CUDA required">/Users/admin/dev/ai-perf/ai-performance-engineering/code/tests/test_flashattention_gluon_runtime.py:59: CUDA required</skipped></testcase><testcase classname="tests.test_labs_schedule_and_entrypoints" name="test_wide_n_schedule_matches_filename" time="0.000" /><testcase classname="tests.test_labs_schedule_and_entrypoints" name="test_low_warp_schedule_matches_filename" time="0.000" /><testcase classname="tests.test_labs_schedule_and_entrypoints" name="test_real_world_model_entrypoints_return_benchmarks" time="0.000" /><testcase classname="tests.test_min_speedup_contracts" name="test_should_fail_no_speedup_respects_local_minimum_speedup" time="0.000" /><testcase classname="tests.test_min_speedup_contracts" name="test_should_fail_no_speedup_defaults_to_generic_gate_without_local_contract" time="0.000" /><testcase classname="tests.test_min_speedup_contracts" name="test_format_failed_no_speedup_uses_local_minimum_speedup" time="0.000" /><testcase classname="tests.test_min_speedup_contracts" name="test_build_expectation_metadata_includes_minimum_required_speedup" time="0.000" /><testcase classname="tests.test_min_speedup_contracts" name="test_expectation_entry_round_trip_preserves_minimum_required_speedup" time="0.000" /><testcase classname="tests.test_min_speedup_contracts" name="test_resolve_local_contract_from_expectation_requires_explicit_speed_floor" time="0.000" /><testcase classname="tests.test_min_speedup_contracts" name="test_resolve_local_contract_from_expectation_keeps_non_speed_goal_without_threshold" time="0.000" /><testcase classname="tests.test_min_speedup_contracts" name="test_block_scaling_expectation_uses_explicit_local_floor_below_historical_best" time="0.000" /><testcase classname="tests.test_min_speedup_contracts" name="test_small_effect_b200_examples_keep_explicit_local_speed_floors" time="0.001" /><testcase classname="tests.test_min_speedup_contracts" name="test_model_compile_reduced_precision_b200_uses_explicit_local_floor" time="0.001" /><testcase classname="tests.test_min_speedup_contracts" name="test_expectation_example_key_keeps_cuda_examples_with_cuda_suffix_stable" time="0.000" /><testcase classname="tests.test_min_speedup_contracts" name="test_persistent_decode_nvlink_offload_is_comparison_contract_while_paged_offload_stays_speed" time="0.001" /><testcase classname="tests.test_min_speedup_contracts" name="test_fullstack_cluster_tcgen05_cta2_stays_comparison_contract" time="0.000" /><testcase classname="tests.test_min_speedup_contracts" name="test_occupancy_tuning_low_warp_schedule_stays_comparison_contract" time="0.000" /><testcase classname="tests.test_min_speedup_contracts" name="test_nvfp4_group_gemm_shape_surface_uses_canonical_frontdoor_and_comparison_shapes" time="0.000" /><testcase classname="tests.test_min_speedup_contracts" name="test_ch08_bridge_comparisons_keep_comparison_contracts" time="0.001" /><testcase classname="tests.test_min_speedup_contracts" name="test_ch03_gemm_stays_comparison_contract" time="0.001" /><testcase classname="tests.test_occupancy_tuning" name="test_resolve_schedules_handles_unknown_names" time="0.000" /><testcase classname="tests.test_occupancy_tuning" name="test_schedule_metadata_import_leaves_kernel_unloaded" time="2.742" /><testcase classname="tests.test_occupancy_tuning" name="test_public_kernel_api_requires_actual_triton_when_unavailable[matmul_kernel]" time="0.001" /><testcase classname="tests.test_occupancy_tuning" name="test_public_kernel_api_requires_actual_triton_when_unavailable[run_one]" time="0.000" /><testcase classname="tests.test_occupancy_tuning" name="test_public_kernel_api_requires_actual_triton_when_unavailable[describe_schedule]" time="0.000" /><testcase classname="tests.test_occupancy_tuning" name="test_public_kernel_api_requires_actual_triton_when_unavailable[triton_matmul]" time="0.000" /><testcase classname="tests.test_occupancy_tuning" name="test_benchmark_schedule_uses_reused_cuda_events_for_samples" time="0.000" /><testcase classname="tests.test_occupancy_tuning" name="test_run_sweep_executes_single_schedule" time="0.000"><skipped type="pytest.skip" message="requires CUDA">/Users/admin/dev/ai-perf/ai-performance-engineering/code/tests/test_occupancy_tuning.py:85: requires CUDA</skipped></testcase></testsuite></testsuites>