<?xml version="1.0" encoding="utf-8"?><testsuites name="pytest tests"><testsuite name="pytest" errors="0" failures="0" skipped="7" tests="39" time="1.567" timestamp="2026-08-30T19:53:38.113606-04:00" hostname="Mac"><testcase classname="tests.test_audit_wave1_prefill_full_output" name="test_capture_includes_complete_decode_and_prefill_with_reused_storage[dtype0-baseline_tma]" time="1.401" /><testcase classname="tests.test_audit_wave1_prefill_full_output" name="test_capture_includes_complete_decode_and_prefill_with_reused_storage[dtype0-optimized_tma]" time="0.004" /><testcase classname="tests.test_audit_wave1_prefill_full_output" name="test_capture_includes_complete_decode_and_prefill_with_reused_storage[dtype0-baseline_native]" time="0.076" /><testcase classname="tests.test_audit_wave1_prefill_full_output" name="test_capture_includes_complete_decode_and_prefill_with_reused_storage[dtype0-optimized_native]" time="0.004" /><testcase classname="tests.test_audit_wave1_prefill_full_output" name="test_capture_includes_complete_decode_and_prefill_with_reused_storage[dtype1-baseline_tma]" time="0.001" /><testcase classname="tests.test_audit_wave1_prefill_full_output" name="test_capture_includes_complete_decode_and_prefill_with_reused_storage[dtype1-optimized_tma]" time="0.001" /><testcase classname="tests.test_audit_wave1_prefill_full_output" name="test_capture_includes_complete_decode_and_prefill_with_reused_storage[dtype1-baseline_native]" time="0.001" /><testcase classname="tests.test_audit_wave1_prefill_full_output" name="test_capture_includes_complete_decode_and_prefill_with_reused_storage[dtype1-optimized_native]" time="0.001" /><testcase classname="tests.test_audit_wave1_prefill_full_output" name="test_capture_and_validation_reject_corruption_outside_the_old_slice[decode_tail-baseline_tma]" time="0.003" /><testcase classname="tests.test_audit_wave1_prefill_full_output" name="test_capture_and_validation_reject_corruption_outside_the_old_slice[decode_tail-optimized_tma]" time="0.001" /><testcase classname="tests.test_audit_wave1_prefill_full_output" name="test_capture_and_validation_reject_corruption_outside_the_old_slice[decode_tail-baseline_native]" time="0.000" /><testcase classname="tests.test_audit_wave1_prefill_full_output" name="test_capture_and_validation_reject_corruption_outside_the_old_slice[decode_tail-optimized_native]" time="0.001" /><testcase classname="tests.test_audit_wave1_prefill_full_output" name="test_capture_and_validation_reject_corruption_outside_the_old_slice[prefill_tail-baseline_tma]" time="0.000" /><testcase classname="tests.test_audit_wave1_prefill_full_output" name="test_capture_and_validation_reject_corruption_outside_the_old_slice[prefill_tail-optimized_tma]" time="0.001" /><testcase classname="tests.test_audit_wave1_prefill_full_output" name="test_capture_and_validation_reject_corruption_outside_the_old_slice[prefill_tail-baseline_native]" time="0.000" /><testcase classname="tests.test_audit_wave1_prefill_full_output" name="test_capture_and_validation_reject_corruption_outside_the_old_slice[prefill_tail-optimized_native]" time="0.000" /><testcase classname="tests.test_audit_wave1_prefill_full_output" name="test_capture_and_validation_reject_corruption_outside_the_old_slice[decode_nan-baseline_tma]" time="0.000" /><testcase classname="tests.test_audit_wave1_prefill_full_output" name="test_capture_and_validation_reject_corruption_outside_the_old_slice[decode_nan-optimized_tma]" time="0.000" /><testcase classname="tests.test_audit_wave1_prefill_full_output" name="test_capture_and_validation_reject_corruption_outside_the_old_slice[decode_nan-baseline_native]" time="0.000" /><testcase classname="tests.test_audit_wave1_prefill_full_output" name="test_capture_and_validation_reject_corruption_outside_the_old_slice[decode_nan-optimized_native]" time="0.000" /><testcase classname="tests.test_audit_wave1_prefill_full_output" name="test_capture_and_validation_reject_corruption_outside_the_old_slice[prefill_nan-baseline_tma]" time="0.000" /><testcase classname="tests.test_audit_wave1_prefill_full_output" name="test_capture_and_validation_reject_corruption_outside_the_old_slice[prefill_nan-optimized_tma]" time="0.000" /><testcase classname="tests.test_audit_wave1_prefill_full_output" name="test_capture_and_validation_reject_corruption_outside_the_old_slice[prefill_nan-baseline_native]" time="0.000" /><testcase classname="tests.test_audit_wave1_prefill_full_output" name="test_capture_and_validation_reject_corruption_outside_the_old_slice[prefill_nan-optimized_native]" time="0.000" /><testcase classname="tests.test_audit_wave1_prefill_full_output" name="test_capture_and_validation_reject_corruption_outside_the_old_slice[prefill_alias-baseline_tma]" time="0.000" /><testcase classname="tests.test_audit_wave1_prefill_full_output" name="test_capture_and_validation_reject_corruption_outside_the_old_slice[prefill_alias-optimized_tma]" time="0.000" /><testcase classname="tests.test_audit_wave1_prefill_full_output" name="test_capture_and_validation_reject_corruption_outside_the_old_slice[prefill_alias-baseline_native]" time="0.000" /><testcase classname="tests.test_audit_wave1_prefill_full_output" name="test_capture_and_validation_reject_corruption_outside_the_old_slice[prefill_alias-optimized_native]" time="0.000" /><testcase classname="tests.test_audit_wave1_prefill_full_output" name="test_baseline_prefill_is_the_same_copy_only_workload_as_its_peer" time="0.000" /><testcase classname="tests.test_audit_wave1_prefill_full_output" name="test_static_decode_signature_describes_every_output_element[shape0]" time="0.000" /><testcase classname="tests.test_audit_wave1_prefill_full_output" name="test_static_decode_signature_describes_every_output_element[shape1]" time="0.000" /><testcase classname="tests.test_audit_wave1_prefill_full_output" name="test_static_decode_signature_describes_every_output_element[shape2]" time="0.000" /><testcase classname="tests.test_audit_wave1_prefill_full_output" name="test_real_cuda_prefill_decode_full_outputs_and_changed_inputs[baseline_tma-none-32]" time="0.001"><skipped type="pytest.skip" message="Actual CUDA device required; CPU payload checks are not GPU qualification">/Users/admin/dev/ai-perf/ai-performance-engineering/code/tests/test_audit_wave1_prefill_full_output.py:227: Actual CUDA device required; CPU payload checks are not GPU qualification</skipped></testcase><testcase classname="tests.test_audit_wave1_prefill_full_output" name="test_real_cuda_prefill_decode_full_outputs_and_changed_inputs[baseline_native-none-32]" time="0.000"><skipped type="pytest.skip" message="Actual CUDA device required; CPU payload checks are not GPU qualification">/Users/admin/dev/ai-perf/ai-performance-engineering/code/tests/test_audit_wave1_prefill_full_output.py:227: Actual CUDA device required; CPU payload checks are not GPU qualification</skipped></testcase><testcase classname="tests.test_audit_wave1_prefill_full_output" name="test_real_cuda_prefill_decode_full_outputs_and_changed_inputs[optimized_native-none-32]" time="0.000"><skipped type="pytest.skip" message="Actual CUDA device required; CPU payload checks are not GPU qualification">/Users/admin/dev/ai-perf/ai-performance-engineering/code/tests/test_audit_wave1_prefill_full_output.py:227: Actual CUDA device required; CPU payload checks are not GPU qualification</skipped></testcase><testcase classname="tests.test_audit_wave1_prefill_full_output" name="test_real_cuda_prefill_decode_full_outputs_and_changed_inputs[optimized_tma-full-32]" time="0.000"><skipped type="pytest.skip" message="Actual CUDA device required; CPU payload checks are not GPU qualification">/Users/admin/dev/ai-perf/ai-performance-engineering/code/tests/test_audit_wave1_prefill_full_output.py:227: Actual CUDA device required; CPU payload checks are not GPU qualification</skipped></testcase><testcase classname="tests.test_audit_wave1_prefill_full_output" name="test_real_cuda_prefill_decode_full_outputs_and_changed_inputs[optimized_tma-piecewise-32]" time="0.000"><skipped type="pytest.skip" message="Actual CUDA device required; CPU payload checks are not GPU qualification">/Users/admin/dev/ai-perf/ai-performance-engineering/code/tests/test_audit_wave1_prefill_full_output.py:227: Actual CUDA device required; CPU payload checks are not GPU qualification</skipped></testcase><testcase classname="tests.test_audit_wave1_prefill_full_output" name="test_real_cuda_prefill_decode_full_outputs_and_changed_inputs[optimized_tma-full_and_piecewise-1]" time="0.000"><skipped type="pytest.skip" message="Actual CUDA device required; CPU payload checks are not GPU qualification">/Users/admin/dev/ai-perf/ai-performance-engineering/code/tests/test_audit_wave1_prefill_full_output.py:227: Actual CUDA device required; CPU payload checks are not GPU qualification</skipped></testcase><testcase classname="tests.test_audit_wave1_prefill_full_output" name="test_real_cuda_prefill_decode_full_outputs_and_changed_inputs[optimized_tma-full_and_piecewise-32]" time="0.000"><skipped type="pytest.skip" message="Actual CUDA device required; CPU payload checks are not GPU qualification">/Users/admin/dev/ai-perf/ai-performance-engineering/code/tests/test_audit_wave1_prefill_full_output.py:227: Actual CUDA device required; CPU payload checks are not GPU qualification</skipped></testcase></testsuite></testsuites>