<?xml version="1.0" encoding="utf-8"?><testsuites name="pytest tests"><testsuite name="pytest" errors="0" failures="0" skipped="33" tests="135" time="4.430" timestamp="2026-08-30T19:54:54.744639-04:00" hostname="Mac"><testcase classname="tests.test_audit_wave1_prefill_full_output" name="test_capture_includes_complete_decode_and_prefill_with_reused_storage[dtype0-baseline_tma]" time="0.002" /><testcase classname="tests.test_audit_wave1_prefill_full_output" name="test_capture_includes_complete_decode_and_prefill_with_reused_storage[dtype0-optimized_tma]" time="0.001" /><testcase classname="tests.test_audit_wave1_prefill_full_output" name="test_capture_includes_complete_decode_and_prefill_with_reused_storage[dtype0-baseline_native]" time="0.051" /><testcase classname="tests.test_audit_wave1_prefill_full_output" name="test_capture_includes_complete_decode_and_prefill_with_reused_storage[dtype0-optimized_native]" time="0.001" /><testcase classname="tests.test_audit_wave1_prefill_full_output" name="test_capture_includes_complete_decode_and_prefill_with_reused_storage[dtype1-baseline_tma]" time="0.001" /><testcase classname="tests.test_audit_wave1_prefill_full_output" name="test_capture_includes_complete_decode_and_prefill_with_reused_storage[dtype1-optimized_tma]" time="0.001" /><testcase classname="tests.test_audit_wave1_prefill_full_output" name="test_capture_includes_complete_decode_and_prefill_with_reused_storage[dtype1-baseline_native]" time="0.001" /><testcase classname="tests.test_audit_wave1_prefill_full_output" name="test_capture_includes_complete_decode_and_prefill_with_reused_storage[dtype1-optimized_native]" time="0.001" /><testcase classname="tests.test_audit_wave1_prefill_full_output" name="test_capture_and_validation_reject_corruption_outside_the_old_slice[decode_tail-baseline_tma]" time="0.001" /><testcase classname="tests.test_audit_wave1_prefill_full_output" name="test_capture_and_validation_reject_corruption_outside_the_old_slice[decode_tail-optimized_tma]" time="0.001" /><testcase classname="tests.test_audit_wave1_prefill_full_output" name="test_capture_and_validation_reject_corruption_outside_the_old_slice[decode_tail-baseline_native]" time="0.001" /><testcase classname="tests.test_audit_wave1_prefill_full_output" name="test_capture_and_validation_reject_corruption_outside_the_old_slice[decode_tail-optimized_native]" time="0.001" /><testcase classname="tests.test_audit_wave1_prefill_full_output" name="test_capture_and_validation_reject_corruption_outside_the_old_slice[prefill_tail-baseline_tma]" time="0.000" /><testcase classname="tests.test_audit_wave1_prefill_full_output" name="test_capture_and_validation_reject_corruption_outside_the_old_slice[prefill_tail-optimized_tma]" time="0.001" /><testcase classname="tests.test_audit_wave1_prefill_full_output" name="test_capture_and_validation_reject_corruption_outside_the_old_slice[prefill_tail-baseline_native]" time="0.001" /><testcase classname="tests.test_audit_wave1_prefill_full_output" name="test_capture_and_validation_reject_corruption_outside_the_old_slice[prefill_tail-optimized_native]" time="0.000" /><testcase classname="tests.test_audit_wave1_prefill_full_output" name="test_capture_and_validation_reject_corruption_outside_the_old_slice[decode_nan-baseline_tma]" time="0.000" /><testcase classname="tests.test_audit_wave1_prefill_full_output" name="test_capture_and_validation_reject_corruption_outside_the_old_slice[decode_nan-optimized_tma]" time="0.000" /><testcase classname="tests.test_audit_wave1_prefill_full_output" name="test_capture_and_validation_reject_corruption_outside_the_old_slice[decode_nan-baseline_native]" time="0.000" /><testcase classname="tests.test_audit_wave1_prefill_full_output" name="test_capture_and_validation_reject_corruption_outside_the_old_slice[decode_nan-optimized_native]" time="0.000" /><testcase classname="tests.test_audit_wave1_prefill_full_output" name="test_capture_and_validation_reject_corruption_outside_the_old_slice[prefill_nan-baseline_tma]" time="0.001" /><testcase classname="tests.test_audit_wave1_prefill_full_output" name="test_capture_and_validation_reject_corruption_outside_the_old_slice[prefill_nan-optimized_tma]" time="0.001" /><testcase classname="tests.test_audit_wave1_prefill_full_output" name="test_capture_and_validation_reject_corruption_outside_the_old_slice[prefill_nan-baseline_native]" time="0.000" /><testcase classname="tests.test_audit_wave1_prefill_full_output" name="test_capture_and_validation_reject_corruption_outside_the_old_slice[prefill_nan-optimized_native]" time="0.000" /><testcase classname="tests.test_audit_wave1_prefill_full_output" name="test_capture_and_validation_reject_corruption_outside_the_old_slice[prefill_alias-baseline_tma]" time="0.000" /><testcase classname="tests.test_audit_wave1_prefill_full_output" name="test_capture_and_validation_reject_corruption_outside_the_old_slice[prefill_alias-optimized_tma]" time="0.000" /><testcase classname="tests.test_audit_wave1_prefill_full_output" name="test_capture_and_validation_reject_corruption_outside_the_old_slice[prefill_alias-baseline_native]" time="0.000" /><testcase classname="tests.test_audit_wave1_prefill_full_output" name="test_capture_and_validation_reject_corruption_outside_the_old_slice[prefill_alias-optimized_native]" time="0.001" /><testcase classname="tests.test_audit_wave1_prefill_full_output" name="test_baseline_prefill_is_the_same_copy_only_workload_as_its_peer" time="0.000" /><testcase classname="tests.test_audit_wave1_prefill_full_output" name="test_static_decode_signature_describes_every_output_element[shape0]" time="0.000" /><testcase classname="tests.test_audit_wave1_prefill_full_output" name="test_static_decode_signature_describes_every_output_element[shape1]" time="0.000" /><testcase classname="tests.test_audit_wave1_prefill_full_output" name="test_static_decode_signature_describes_every_output_element[shape2]" time="0.000" /><testcase classname="tests.test_audit_wave1_prefill_full_output" name="test_real_cuda_prefill_decode_full_outputs_and_changed_inputs[baseline_tma-none-32]" time="0.001"><skipped type="pytest.skip" message="Actual CUDA device required; CPU payload checks are not GPU qualification">/Users/admin/dev/ai-perf/ai-performance-engineering/code/tests/test_audit_wave1_prefill_full_output.py:235: Actual CUDA device required; CPU payload checks are not GPU qualification</skipped></testcase><testcase classname="tests.test_audit_wave1_prefill_full_output" name="test_real_cuda_prefill_decode_full_outputs_and_changed_inputs[baseline_native-none-32]" time="0.000"><skipped type="pytest.skip" message="Actual CUDA device required; CPU payload checks are not GPU qualification">/Users/admin/dev/ai-perf/ai-performance-engineering/code/tests/test_audit_wave1_prefill_full_output.py:235: Actual CUDA device required; CPU payload checks are not GPU qualification</skipped></testcase><testcase classname="tests.test_audit_wave1_prefill_full_output" name="test_real_cuda_prefill_decode_full_outputs_and_changed_inputs[optimized_native-none-32]" time="0.000"><skipped type="pytest.skip" message="Actual CUDA device required; CPU payload checks are not GPU qualification">/Users/admin/dev/ai-perf/ai-performance-engineering/code/tests/test_audit_wave1_prefill_full_output.py:235: Actual CUDA device required; CPU payload checks are not GPU qualification</skipped></testcase><testcase classname="tests.test_audit_wave1_prefill_full_output" name="test_real_cuda_prefill_decode_full_outputs_and_changed_inputs[optimized_tma-full-32]" time="0.000"><skipped type="pytest.skip" message="Actual CUDA device required; CPU payload checks are not GPU qualification">/Users/admin/dev/ai-perf/ai-performance-engineering/code/tests/test_audit_wave1_prefill_full_output.py:235: Actual CUDA device required; CPU payload checks are not GPU qualification</skipped></testcase><testcase classname="tests.test_audit_wave1_prefill_full_output" name="test_real_cuda_prefill_decode_full_outputs_and_changed_inputs[optimized_tma-piecewise-32]" time="0.000"><skipped type="pytest.skip" message="Actual CUDA device required; CPU payload checks are not GPU qualification">/Users/admin/dev/ai-perf/ai-performance-engineering/code/tests/test_audit_wave1_prefill_full_output.py:235: Actual CUDA device required; CPU payload checks are not GPU qualification</skipped></testcase><testcase classname="tests.test_audit_wave1_prefill_full_output" name="test_real_cuda_prefill_decode_full_outputs_and_changed_inputs[optimized_tma-full_and_piecewise-1]" time="0.000"><skipped type="pytest.skip" message="Actual CUDA device required; CPU payload checks are not GPU qualification">/Users/admin/dev/ai-perf/ai-performance-engineering/code/tests/test_audit_wave1_prefill_full_output.py:235: Actual CUDA device required; CPU payload checks are not GPU qualification</skipped></testcase><testcase classname="tests.test_audit_wave1_prefill_full_output" name="test_real_cuda_prefill_decode_full_outputs_and_changed_inputs[optimized_tma-full_and_piecewise-32]" time="0.000"><skipped type="pytest.skip" message="Actual CUDA device required; CPU payload checks are not GPU qualification">/Users/admin/dev/ai-perf/ai-performance-engineering/code/tests/test_audit_wave1_prefill_full_output.py:235: Actual CUDA device required; CPU payload checks are not GPU qualification</skipped></testcase><testcase classname="tests.test_audit_wave1_attention_regressions" name="test_cudnn_intent_and_real_backend_context_are_exclusive" time="0.002" /><testcase classname="tests.test_audit_wave1_attention_regressions" name="test_math_backend_executes_real_cpu_attention" time="0.004" /><testcase classname="tests.test_audit_wave1_attention_regressions" name="test_flop_count_matches_actual_reference_mask[0-dense]" time="0.005" /><testcase classname="tests.test_audit_wave1_attention_regressions" name="test_flop_count_matches_actual_reference_mask[0-causal]" time="0.000" /><testcase classname="tests.test_audit_wave1_attention_regressions" name="test_flop_count_matches_actual_reference_mask[0-alibi]" time="0.000" /><testcase classname="tests.test_audit_wave1_attention_regressions" name="test_flop_count_matches_actual_reference_mask[0-softcap]" time="0.000" /><testcase classname="tests.test_audit_wave1_attention_regressions" name="test_flop_count_matches_actual_reference_mask[0-windowed]" time="0.000" /><testcase classname="tests.test_audit_wave1_attention_regressions" name="test_flop_count_matches_actual_reference_mask[0-alibi_windowed]" time="0.000" /><testcase classname="tests.test_audit_wave1_attention_regressions" name="test_flop_count_matches_actual_reference_mask[1-dense]" time="0.000" /><testcase classname="tests.test_audit_wave1_attention_regressions" name="test_flop_count_matches_actual_reference_mask[1-causal]" time="0.000" /><testcase classname="tests.test_audit_wave1_attention_regressions" name="test_flop_count_matches_actual_reference_mask[1-alibi]" time="0.000" /><testcase classname="tests.test_audit_wave1_attention_regressions" name="test_flop_count_matches_actual_reference_mask[1-softcap]" time="0.000" /><testcase classname="tests.test_audit_wave1_attention_regressions" name="test_flop_count_matches_actual_reference_mask[1-windowed]" time="0.000" /><testcase classname="tests.test_audit_wave1_attention_regressions" name="test_flop_count_matches_actual_reference_mask[1-alibi_windowed]" time="0.000" /><testcase classname="tests.test_audit_wave1_attention_regressions" name="test_flop_count_matches_actual_reference_mask[7-dense]" time="0.000" /><testcase classname="tests.test_audit_wave1_attention_regressions" name="test_flop_count_matches_actual_reference_mask[7-causal]" time="0.000" /><testcase classname="tests.test_audit_wave1_attention_regressions" name="test_flop_count_matches_actual_reference_mask[7-alibi]" time="0.000" /><testcase classname="tests.test_audit_wave1_attention_regressions" name="test_flop_count_matches_actual_reference_mask[7-softcap]" time="0.000" /><testcase classname="tests.test_audit_wave1_attention_regressions" name="test_flop_count_matches_actual_reference_mask[7-windowed]" time="0.000" /><testcase classname="tests.test_audit_wave1_attention_regressions" name="test_flop_count_matches_actual_reference_mask[7-alibi_windowed]" time="0.000" /><testcase classname="tests.test_audit_wave1_attention_regressions" name="test_flop_count_matches_actual_reference_mask[64-dense]" time="0.000" /><testcase classname="tests.test_audit_wave1_attention_regressions" name="test_flop_count_matches_actual_reference_mask[64-causal]" time="0.000" /><testcase classname="tests.test_audit_wave1_attention_regressions" name="test_flop_count_matches_actual_reference_mask[64-alibi]" time="0.000" /><testcase classname="tests.test_audit_wave1_attention_regressions" name="test_flop_count_matches_actual_reference_mask[64-softcap]" time="0.000" /><testcase classname="tests.test_audit_wave1_attention_regressions" name="test_flop_count_matches_actual_reference_mask[64-windowed]" time="0.000" /><testcase classname="tests.test_audit_wave1_attention_regressions" name="test_flop_count_matches_actual_reference_mask[64-alibi_windowed]" time="0.000" /><testcase classname="tests.test_audit_wave1_attention_regressions" name="test_rectangular_causal_flops[3-7]" time="0.000" /><testcase classname="tests.test_audit_wave1_attention_regressions" name="test_rectangular_causal_flops[7-3]" time="0.000" /><testcase classname="tests.test_audit_wave1_attention_regressions" name="test_rectangular_causal_flops[1-1]" time="0.000" /><testcase classname="tests.test_audit_wave1_attention_regressions" name="test_rectangular_causal_flops[0-7]" time="0.000" /><testcase classname="tests.test_audit_wave1_attention_regressions" name="test_cute_layout_preserves_values_and_shape" time="0.960" /><testcase classname="tests.test_audit_wave1_attention_regressions" name="test_host_stage_waits_for_ownership_fence_before_actual_cpu_write[False]" time="0.003" /><testcase classname="tests.test_audit_wave1_attention_regressions" name="test_host_stage_waits_for_ownership_fence_before_actual_cpu_write[True]" time="0.000" /><testcase classname="tests.test_audit_wave1_attention_regressions" name="test_decode_actual_full_output_verifier[correct]" time="0.001" /><testcase classname="tests.test_audit_wave1_attention_regressions" name="test_decode_actual_full_output_verifier[dropped_tail]" time="0.000" /><testcase classname="tests.test_audit_wave1_attention_regressions" name="test_decode_actual_full_output_verifier[nan]" time="0.000" /><testcase classname="tests.test_audit_wave1_attention_regressions" name="test_decode_actual_full_output_verifier[corrupt]" time="0.000" /><testcase classname="tests.test_audit_wave1_attention_regressions" name="test_decode_actual_full_output_verifier[alias]" time="0.000" /><testcase classname="tests.test_audit_wave1_attention_regressions" name="test_decode_program_overrides_reject_invalid_values_and_rng_is_harness_owned" time="0.009" /><testcase classname="tests.test_audit_wave1_attention_regressions" name="test_real_triton_grid_stride_covers_every_sequence[1]" time="0.000"><skipped type="pytest.skip" message="Actual CUDA runtime required; host checks are not GPU qualification">/Users/admin/dev/ai-perf/ai-performance-engineering/code/tests/test_audit_wave1_attention_regressions.py:139: Actual CUDA runtime required; host checks are not GPU qualification</skipped></testcase><testcase classname="tests.test_audit_wave1_attention_regressions" name="test_real_triton_grid_stride_covers_every_sequence[8]" time="0.000"><skipped type="pytest.skip" message="Actual CUDA runtime required; host checks are not GPU qualification">/Users/admin/dev/ai-perf/ai-performance-engineering/code/tests/test_audit_wave1_attention_regressions.py:139: Actual CUDA runtime required; host checks are not GPU qualification</skipped></testcase><testcase classname="tests.test_audit_wave1_attention_regressions" name="test_real_triton_grid_stride_covers_every_sequence[12]" time="0.000"><skipped type="pytest.skip" message="Actual CUDA runtime required; host checks are not GPU qualification">/Users/admin/dev/ai-perf/ai-performance-engineering/code/tests/test_audit_wave1_attention_regressions.py:139: Actual CUDA runtime required; host checks are not GPU qualification</skipped></testcase><testcase classname="tests.test_audit_wave1_attention_regressions" name="test_real_cuda_reduction_repeated_multwarp_reuse" time="0.000"><skipped type="pytest.skip" message="Actual CUDA runtime required; host checks are not GPU qualification">/Users/admin/dev/ai-perf/ai-performance-engineering/code/tests/test_audit_wave1_attention_regressions.py:153: Actual CUDA runtime required; host checks are not GPU qualification</skipped></testcase><testcase classname="tests.test_audit_wave1_attention_regressions" name="test_real_triton_attention_tail_and_causal[False-1-16]" time="0.000"><skipped type="pytest.skip" message="Actual CUDA runtime required; host checks are not GPU qualification">/Users/admin/dev/ai-perf/ai-performance-engineering/code/tests/test_audit_wave1_attention_regressions.py:166: Actual CUDA runtime required; host checks are not GPU qualification</skipped></testcase><testcase classname="tests.test_audit_wave1_attention_regressions" name="test_real_triton_attention_tail_and_causal[False-63-32]" time="0.000"><skipped type="pytest.skip" message="Actual CUDA runtime required; host checks are not GPU qualification">/Users/admin/dev/ai-perf/ai-performance-engineering/code/tests/test_audit_wave1_attention_regressions.py:166: Actual CUDA runtime required; host checks are not GPU qualification</skipped></testcase><testcase classname="tests.test_audit_wave1_attention_regressions" name="test_real_triton_attention_tail_and_causal[False-65-40]" time="0.000"><skipped type="pytest.skip" message="Actual CUDA runtime required; host checks are not GPU qualification">/Users/admin/dev/ai-perf/ai-performance-engineering/code/tests/test_audit_wave1_attention_regressions.py:166: Actual CUDA runtime required; host checks are not GPU qualification</skipped></testcase><testcase classname="tests.test_audit_wave1_attention_regressions" name="test_real_triton_attention_tail_and_causal[False-129-64]" time="0.000"><skipped type="pytest.skip" message="Actual CUDA runtime required; host checks are not GPU qualification">/Users/admin/dev/ai-perf/ai-performance-engineering/code/tests/test_audit_wave1_attention_regressions.py:166: Actual CUDA runtime required; host checks are not GPU qualification</skipped></testcase><testcase classname="tests.test_audit_wave1_attention_regressions" name="test_real_triton_attention_tail_and_causal[True-1-16]" time="0.000"><skipped type="pytest.skip" message="Actual CUDA runtime required; host checks are not GPU qualification">/Users/admin/dev/ai-perf/ai-performance-engineering/code/tests/test_audit_wave1_attention_regressions.py:166: Actual CUDA runtime required; host checks are not GPU qualification</skipped></testcase><testcase classname="tests.test_audit_wave1_attention_regressions" name="test_real_triton_attention_tail_and_causal[True-63-32]" time="0.000"><skipped type="pytest.skip" message="Actual CUDA runtime required; host checks are not GPU qualification">/Users/admin/dev/ai-perf/ai-performance-engineering/code/tests/test_audit_wave1_attention_regressions.py:166: Actual CUDA runtime required; host checks are not GPU qualification</skipped></testcase><testcase classname="tests.test_audit_wave1_attention_regressions" name="test_real_triton_attention_tail_and_causal[True-65-40]" time="0.000"><skipped type="pytest.skip" message="Actual CUDA runtime required; host checks are not GPU qualification">/Users/admin/dev/ai-perf/ai-performance-engineering/code/tests/test_audit_wave1_attention_regressions.py:166: Actual CUDA runtime required; host checks are not GPU qualification</skipped></testcase><testcase classname="tests.test_audit_wave1_attention_regressions" name="test_real_triton_attention_tail_and_causal[True-129-64]" time="0.000"><skipped type="pytest.skip" message="Actual CUDA runtime required; host checks are not GPU qualification">/Users/admin/dev/ai-perf/ai-performance-engineering/code/tests/test_audit_wave1_attention_regressions.py:166: Actual CUDA runtime required; host checks are not GPU qualification</skipped></testcase><testcase classname="tests.test_audit_wave1_attention_regressions" name="test_real_cute_layout_and_attention" time="0.000"><skipped type="pytest.skip" message="Actual CUDA runtime required; host checks are not GPU qualification">/Users/admin/dev/ai-perf/ai-performance-engineering/code/tests/test_audit_wave1_attention_regressions.py:181: Actual CUDA runtime required; host checks are not GPU qualification</skipped></testcase><testcase classname="tests.test_audit_wave1_attention_regressions" name="test_real_pinned_stage_dma_reuse[False]" time="0.000"><skipped type="pytest.skip" message="Actual CUDA runtime required; host checks are not GPU qualification">/Users/admin/dev/ai-perf/ai-performance-engineering/code/tests/test_audit_wave1_attention_regressions.py:193: Actual CUDA runtime required; host checks are not GPU qualification</skipped></testcase><testcase classname="tests.test_audit_wave1_attention_regressions" name="test_real_pinned_stage_dma_reuse[True]" time="0.000"><skipped type="pytest.skip" message="Actual CUDA runtime required; host checks are not GPU qualification">/Users/admin/dev/ai-perf/ai-performance-engineering/code/tests/test_audit_wave1_attention_regressions.py:193: Actual CUDA runtime required; host checks are not GPU qualification</skipped></testcase><testcase classname="tests.test_audit_wave1_attention_regressions" name="test_real_async_input_allocation_lifetime_and_actual_stream" time="0.000"><skipped type="pytest.skip" message="Actual CUDA runtime required; host checks are not GPU qualification">/Users/admin/dev/ai-perf/ai-performance-engineering/code/tests/test_audit_wave1_attention_regressions.py:217: Actual CUDA runtime required; host checks are not GPU qualification</skipped></testcase><testcase classname="tests.test_audit_wave1_attention_regressions" name="test_real_flashmla_book_kernel_stable_full_dot" time="0.000"><skipped type="pytest.skip" message="Actual CUDA runtime required; host checks are not GPU qualification">/Users/admin/dev/ai-perf/ai-performance-engineering/code/tests/test_audit_wave1_attention_regressions.py:240: Actual CUDA runtime required; host checks are not GPU qualification</skipped></testcase><testcase classname="tests.test_audit_wave1_attention_regressions" name="test_host_prefetch_failed_join_preserves_worker_owned_storage" time="2.011" /><testcase classname="tests.test_audit_wave1_attention_regressions" name="test_real_cudnn_pin_profiles_actual_model_dispatch" time="0.000"><skipped type="pytest.skip" message="Actual CUDA runtime required; host checks are not GPU qualification">/Users/admin/dev/ai-perf/ai-performance-engineering/code/tests/test_audit_wave1_attention_regressions.py:290: Actual CUDA runtime required; host checks are not GPU qualification</skipped></testcase><testcase classname="tests.test_audit_wave1_attention_regressions" name="test_real_decode_graphs_cover_all_sequences_with_one_program[full]" time="0.000"><skipped type="pytest.skip" message="Actual CUDA runtime required; host checks are not GPU qualification">/Users/admin/dev/ai-perf/ai-performance-engineering/code/tests/test_audit_wave1_attention_regressions.py:310: Actual CUDA runtime required; host checks are not GPU qualification</skipped></testcase><testcase classname="tests.test_audit_wave1_attention_regressions" name="test_real_decode_graphs_cover_all_sequences_with_one_program[piecewise]" time="0.000"><skipped type="pytest.skip" message="Actual CUDA runtime required; host checks are not GPU qualification">/Users/admin/dev/ai-perf/ai-performance-engineering/code/tests/test_audit_wave1_attention_regressions.py:310: Actual CUDA runtime required; host checks are not GPU qualification</skipped></testcase><testcase classname="tests.test_audit_wave1_attention_regressions" name="test_real_decode_graphs_cover_all_sequences_with_one_program[full_and_piecewise]" time="0.000"><skipped type="pytest.skip" message="Actual CUDA runtime required; host checks are not GPU qualification">/Users/admin/dev/ai-perf/ai-performance-engineering/code/tests/test_audit_wave1_attention_regressions.py:310: Actual CUDA runtime required; host checks are not GPU qualification</skipped></testcase><testcase classname="tests.test_audit_wave1_attention_regressions" name="test_real_paged_prefetch_repeated_page_content[False]" time="0.000"><skipped type="pytest.skip" message="Actual CUDA runtime required; host checks are not GPU qualification">/Users/admin/dev/ai-perf/ai-performance-engineering/code/tests/test_audit_wave1_attention_regressions.py:332: Actual CUDA runtime required; host checks are not GPU qualification</skipped></testcase><testcase classname="tests.test_audit_wave1_attention_regressions" name="test_real_paged_prefetch_repeated_page_content[True]" time="0.000"><skipped type="pytest.skip" message="Actual CUDA runtime required; host checks are not GPU qualification">/Users/admin/dev/ai-perf/ai-performance-engineering/code/tests/test_audit_wave1_attention_regressions.py:332: Actual CUDA runtime required; host checks are not GPU qualification</skipped></testcase><testcase classname="tests.test_audit_wave1_attention_regressions" name="test_real_thread_async_copy_eager_and_graph_current_stream" time="0.000"><skipped type="pytest.skip" message="Actual CUDA runtime required; host checks are not GPU qualification">/Users/admin/dev/ai-perf/ai-performance-engineering/code/tests/test_audit_wave1_attention_regressions.py:357: Actual CUDA runtime required; host checks are not GPU qualification</skipped></testcase><testcase classname="tests.test_audit_wave1_attention_regressions" name="test_real_eager_vs_graph_persistent_decode_repeated_states" time="0.000"><skipped type="pytest.skip" message="Actual CUDA runtime required; host checks are not GPU qualification">/Users/admin/dev/ai-perf/ai-performance-engineering/code/tests/test_audit_wave1_attention_regressions.py:382: Actual CUDA runtime required; host checks are not GPU qualification</skipped></testcase><testcase classname="tests.test_persistent_decode_shared_benchmark_wrappers" name="test_persistent_decode_wrappers_attach_metadata[labs/persistent_decode/baseline_nvlink_offload.py]" time="0.002" /><testcase classname="tests.test_persistent_decode_shared_benchmark_wrappers" name="test_persistent_decode_wrappers_attach_metadata[labs/persistent_decode/optimized_nvlink_offload.py]" time="0.001" /><testcase classname="tests.test_persistent_decode_shared_benchmark_wrappers" name="test_persistent_decode_wrappers_attach_metadata[labs/persistent_decode/baseline_paged_kv_offload.py]" time="0.001" /><testcase classname="tests.test_persistent_decode_shared_benchmark_wrappers" name="test_persistent_decode_wrappers_attach_metadata[labs/persistent_decode/optimized_paged_kv_offload.py]" time="0.000" /><testcase classname="tests.test_persistent_decode_shared_benchmark_wrappers" name="test_persistent_decode_wrappers_attach_metadata[labs/persistent_decode/baseline_paged_kv_offload_prefetch.py]" time="0.000" /><testcase classname="tests.test_persistent_decode_shared_benchmark_wrappers" name="test_persistent_decode_wrappers_attach_metadata[labs/persistent_decode/optimized_paged_kv_offload_prefetch.py]" time="0.000" /><testcase classname="tests.test_decode_optimization_config" name="test_decode_benchmark_uses_subprocess_execution" time="0.000" /><testcase classname="tests.test_decode_optimization_config" name="test_decode_variants_inherit_subprocess_execution" time="0.000" /><testcase classname="tests.test_decode_optimization_config" name="test_decode_common_caches_runtime_feature_handles" time="0.000" /><testcase classname="tests.test_decode_optimization_config" name="test_decode_graph_capture_avoids_unused_full_vocab_output_and_token_copy" time="0.000" /><testcase classname="tests.test_decode_optimization_config" name="test_decode_state_buffers_are_overwritten_without_zero_fill" time="0.000" /><testcase classname="tests.test_decode_optimization_config" name="test_decode_prompt_last_token_view_is_cached_outside_hot_path" time="0.000" /><testcase classname="tests.test_decode_optimization_config" name="test_decode_step_reuses_next_token_buffer" time="0.000" /><testcase classname="tests.test_decode_optimization_config" name="test_decode_step_reuses_full_vocab_logits_buffer_on_cpu" time="0.008" /><testcase classname="tests.test_decode_optimization_config" name="test_decode_loop_hands_next_token_buffer_forward_on_cpu" time="0.003" /><testcase classname="tests.test_decode_optimization_config" name="test_candidate_logits_only_skips_full_vocab_logits_buffer_on_cpu" time="0.001" /><testcase classname="tests.test_decode_optimization_config" name="test_candidate_logits_only_reuses_cached_candidate_weight_transpose_on_cpu" time="0.002" /><testcase classname="tests.test_decode_optimization_config" name="test_decode_hot_loops_do_not_bind_unused_logits" time="0.001" /><testcase classname="tests.test_decode_optimization_config" name="test_decode_common_inference_paths_skip_autograd_bookkeeping" time="0.000" /><testcase classname="tests.test_decode_optimization_config" name="test_decode_nvtx_import_is_cached_outside_iteration_hot_paths" time="0.000" /><testcase classname="tests.test_decode_optimization_config" name="test_decode_iteration_metrics_reuse_tuple_event_state" time="0.000" /><testcase classname="tests.test_decode_optimization_config" name="test_decode_prompt_copy_waits_on_consumer_stream" time="0.000" /><testcase classname="tests.test_decode_optimization_config" name="test_decode_prefetch_overlaps_second_copy_only_when_async_safe" time="0.000" /><testcase classname="tests.test_decode_optimization_config" name="test_decode_device_resident_path_skips_hot_loop_staging" time="0.000" /><testcase classname="tests.test_decode_optimization_config" name="test_decode_device_resident_pair_changes_only_residency_policy" time="0.000" /><testcase classname="tests.test_decode_optimization_config" name="test_decode_prefix_state_cache_skips_static_prefill_compute" time="0.000" /><testcase classname="tests.test_decode_optimization_config" name="test_decode_prefix_state_cache_pair_changes_only_prefill_reuse_policy" time="0.000" /><testcase classname="tests.test_decode_optimization_config" name="test_decode_candidate_logits_path_avoids_full_vocab_projection_when_enabled" time="0.000" /><testcase classname="tests.test_decode_optimization_config" name="test_decode_candidate_logits_pair_changes_only_projection_policy" time="0.000" /><testcase classname="tests.test_decode_optimization_config" name="test_decode_pinned_pair_uses_transfer_heavy_workload_with_only_pin_state_changed" time="0.000" /><testcase classname="tests.test_decode_optimization_config" name="test_decode_benchmark_reuses_timing_events" time="0.000"><skipped type="pytest.skip" message="CUDA required for decode event setup">/Users/admin/dev/ai-perf/ai-performance-engineering/code/tests/test_decode_optimization_config.py:810: CUDA required for decode event setup</skipped></testcase></testsuite></testsuites>