<?xml version="1.0" encoding="utf-8"?><testsuites name="pytest tests"><testsuite name="pytest" errors="0" failures="0" skipped="1" tests="17" time="3.950" timestamp="2026-08-30T20:32:32.622550-04:00" hostname="Mac"><testcase classname="tests.test_http_microbench" name="test_microbench_endpoints_start_stop" time="0.000"><skipped type="pytest.skip" message="Legacy routes /api/microbench/disk, /api/microbench/loopback and /api/export/html are absent from the dashboard API; their microbenchmark/export functionality is unavailable through these routes and remains unverified.">/Users/admin/dev/ai-perf/ai-performance-engineering/code/tests/test_http_microbench.py:133: Legacy routes /api/microbench/disk, /api/microbench/loopback and /api/export/html are absent from the dashboard API; their microbenchmark/export functionality is unavailable through these routes and remains unverified.</skipped></testcase><testcase classname="tests.test_http_microbench" name="test_current_dashboard_http_readiness_and_campaign_guard" time="0.588" /><testcase classname="tests.test_http_microbench" name="test_retired_http_routes_explicitly_return_not_found" time="0.559" /><testcase classname="tests.test_http_microbench" name="test_dashboard_readiness_rejects_failed_owned_child" time="1.062" /><testcase classname="tests.test_http_microbench" name="test_dashboard_requests_reject_killed_owned_child" time="0.335" /><testcase classname="tests.test_http_microbench" name="test_dashboard_readiness_timeout_cleans_up_owned_child" time="1.065" /><testcase classname="tests.test_dashboard_server" name="test_configure_engine_uses_data_file" time="0.001" /><testcase classname="tests.test_dashboard_server" name="test_dashboard_cli_has_serve_command" time="0.006" /><testcase classname="tests.test_dashboard_server" name="test_dashboard_http_benchmark_overview_route_returns_success_envelope" time="0.019" /><testcase classname="tests.test_dashboard_server" name="test_dashboard_http_compare_route_returns_error_envelope" time="0.001" /><testcase classname="tests.test_dashboard_server" name="test_dashboard_cors_allows_only_configured_ui_origins" time="0.001" /><testcase classname="tests.test_dashboard_server" name="test_campaign_api_restricts_workspaces_to_configured_root" time="0.006" /><testcase classname="tests.test_dashboard_server" name="test_campaign_api_requires_an_explicit_server_root" time="0.001" /><testcase classname="tests.test_dashboard_server" name="test_serve_uses_the_app_with_its_configured_campaign_root" time="0.000" /><testcase classname="tests.test_dashboard_server" name="test_ai_tools_only_lists_dashboard_mcp_subset" time="0.010" /><testcase classname="tests.test_dashboard_server" name="test_ai_execute_rejects_tools_outside_dashboard_subset" time="0.000" /><testcase classname="tests.test_dashboard_server" name="test_engine_exposes_tier1_history_and_trends" time="0.018" /></testsuite></testsuites>